2022-11-02 18:44:17.667  INFO 18772 --- [restartedMain] com.edtech_api.EdtechApplication         : Starting EdtechApplication using Java 17.0.4.1 on PC_lucas with PID 18772 (C:\Users\lucas\Documents\Cursos\soulCode_bootcampJavaFullStack\projetoFinal_Refatorado\api\edtech\target\classes started by lucas in C:\Users\lucas\Documents\Cursos\soulCode_bootcampJavaFullStack\projetoFinal_Refatorado\api\edtech)
2022-11-02 18:44:17.669  INFO 18772 --- [restartedMain] com.edtech_api.EdtechApplication         : No active profile set, falling back to 1 default profile: "default"
2022-11-02 18:44:17.717  INFO 18772 --- [restartedMain] .e.DevToolsPropertyDefaultsPostProcessor : Devtools property defaults active! Set 'spring.devtools.add-properties' to 'false' to disable
2022-11-02 18:44:17.717  INFO 18772 --- [restartedMain] .e.DevToolsPropertyDefaultsPostProcessor : For additional web related logging consider setting the 'logging.level.web' property to 'DEBUG'
2022-11-02 18:44:18.277  INFO 18772 --- [restartedMain] .s.d.r.c.RepositoryConfigurationDelegate : Bootstrapping Spring Data JPA repositories in DEFAULT mode.
2022-11-02 18:44:18.339  INFO 18772 --- [restartedMain] .s.d.r.c.RepositoryConfigurationDelegate : Finished Spring Data repository scanning in 51 ms. Found 5 JPA repository interfaces.
2022-11-02 18:44:18.882  INFO 18772 --- [restartedMain] o.s.b.w.embedded.tomcat.TomcatWebServer  : Tomcat initialized with port(s): 8080 (http)
2022-11-02 18:44:18.892  INFO 18772 --- [restartedMain] o.apache.catalina.core.StandardService   : Starting service [Tomcat]
2022-11-02 18:44:18.892  INFO 18772 --- [restartedMain] org.apache.catalina.core.StandardEngine  : Starting Servlet engine: [Apache Tomcat/9.0.65]
2022-11-02 18:44:18.952  INFO 18772 --- [restartedMain] o.a.c.c.C.[Tomcat].[localhost].[/]       : Initializing Spring embedded WebApplicationContext
2022-11-02 18:44:18.952  INFO 18772 --- [restartedMain] w.s.c.ServletWebServerApplicationContext : Root WebApplicationContext: initialization completed in 1234 ms
2022-11-02 18:44:19.070  INFO 18772 --- [restartedMain] o.f.c.internal.license.VersionPrinter    : Flyway Community Edition 8.5.13 by Redgate
2022-11-02 18:44:19.070  INFO 18772 --- [restartedMain] o.f.c.internal.license.VersionPrinter    : See what's new here: https://flywaydb.org/documentation/learnmore/releaseNotes#8.5.13
2022-11-02 18:44:19.070  INFO 18772 --- [restartedMain] o.f.c.internal.license.VersionPrinter    : 
2022-11-02 18:44:19.080  INFO 18772 --- [restartedMain] com.zaxxer.hikari.HikariDataSource       : HikariPool-1 - Starting...
2022-11-02 18:44:19.388  INFO 18772 --- [restartedMain] com.zaxxer.hikari.HikariDataSource       : HikariPool-1 - Start completed.
2022-11-02 18:44:19.416  INFO 18772 --- [restartedMain] o.f.c.i.database.base.BaseDatabaseType   : Database: jdbc:mysql://localhost/edtech (MySQL 8.0)
2022-11-02 18:44:19.468  INFO 18772 --- [restartedMain] o.f.core.internal.command.DbValidate     : Successfully validated 7 migrations (execution time 00:00.021s)
2022-11-02 18:44:19.492  INFO 18772 --- [restartedMain] o.f.c.i.s.JdbcTableSchemaHistory         : Creating Schema History table `edtech`.`flyway_schema_history` ...
2022-11-02 18:44:19.651  INFO 18772 --- [restartedMain] o.f.core.internal.command.DbMigrate      : Current version of schema `edtech`: << Empty Schema >>
2022-11-02 18:44:19.659  INFO 18772 --- [restartedMain] o.f.core.internal.command.DbMigrate      : Migrating schema `edtech` to version "001 - cria-tabela-carreria"
2022-11-02 18:44:19.793  INFO 18772 --- [restartedMain] o.f.core.internal.command.DbMigrate      : Migrating schema `edtech` to version "002 - cria-tabela-bootcamp"
2022-11-02 18:44:19.934  INFO 18772 --- [restartedMain] o.f.core.internal.command.DbMigrate      : Migrating schema `edtech` to version "003 - cria-tabela-extensao"
2022-11-02 18:44:20.109  INFO 18772 --- [restartedMain] o.f.core.internal.command.DbMigrate      : Migrating schema `edtech` to version "004 - cria-tabela-habilidade-tecnica"
2022-11-02 18:44:20.305  INFO 18772 --- [restartedMain] o.f.core.internal.command.DbMigrate      : Migrating schema `edtech` to version "005 - cria-tabela-professor"
2022-11-02 18:44:20.497  INFO 18772 --- [restartedMain] o.f.core.internal.command.DbMigrate      : Migrating schema `edtech` to version "006 - cria-tabela-professorHashabilidade"
2022-11-02 18:44:20.651  INFO 18772 --- [restartedMain] o.f.core.internal.command.DbMigrate      : Migrating schema `edtech` to version "007 - cria-tabela-professorHasbootcamp"
2022-11-02 18:44:20.801  INFO 18772 --- [restartedMain] o.f.core.internal.command.DbMigrate      : Successfully applied 7 migrations to schema `edtech`, now at version v007 (execution time 00:01.160s)
2022-11-02 18:44:20.869  INFO 18772 --- [restartedMain] o.hibernate.jpa.internal.util.LogHelper  : HHH000204: Processing PersistenceUnitInfo [name: default]
2022-11-02 18:44:20.906  INFO 18772 --- [restartedMain] org.hibernate.Version                    : HHH000412: Hibernate ORM core version 5.6.11.Final
2022-11-02 18:44:21.025  INFO 18772 --- [restartedMain] o.hibernate.annotations.common.Version   : HCANN000001: Hibernate Commons Annotations {5.1.2.Final}
2022-11-02 18:44:21.112  INFO 18772 --- [restartedMain] org.hibernate.dialect.Dialect            : HHH000400: Using dialect: org.hibernate.dialect.MySQL8Dialect
2022-11-02 18:44:21.641  INFO 18772 --- [restartedMain] o.h.e.t.j.p.i.JtaPlatformInitiator       : HHH000490: Using JtaPlatform implementation: [org.hibernate.engine.transaction.jta.platform.internal.NoJtaPlatform]
2022-11-02 18:44:21.649  INFO 18772 --- [restartedMain] j.LocalContainerEntityManagerFactoryBean : Initialized JPA EntityManagerFactory for persistence unit 'default'
2022-11-02 18:44:22.062  WARN 18772 --- [restartedMain] JpaBaseConfiguration$JpaWebConfiguration : spring.jpa.open-in-view is enabled by default. Therefore, database queries may be performed during view rendering. Explicitly configure spring.jpa.open-in-view to disable this warning
2022-11-02 18:44:22.335  INFO 18772 --- [restartedMain] o.s.b.d.a.OptionalLiveReloadServer       : LiveReload server is running on port 35729
2022-11-02 18:44:22.369  INFO 18772 --- [restartedMain] o.s.b.w.embedded.tomcat.TomcatWebServer  : Tomcat started on port(s): 8080 (http) with context path ''
2022-11-02 18:44:22.378  INFO 18772 --- [restartedMain] com.edtech_api.EdtechApplication         : Started EdtechApplication in 5.039 seconds (JVM running for 5.675)
2022-11-02 18:45:16.699  INFO 18772 --- [http-nio-8080-exec-1] o.a.c.c.C.[Tomcat].[localhost].[/]       : Initializing Spring DispatcherServlet 'dispatcherServlet'
2022-11-02 18:45:16.699  INFO 18772 --- [http-nio-8080-exec-1] o.s.web.servlet.DispatcherServlet        : Initializing Servlet 'dispatcherServlet'
2022-11-02 18:45:16.700  INFO 18772 --- [http-nio-8080-exec-1] o.s.web.servlet.DispatcherServlet        : Completed initialization in 1 ms
2022-11-02 18:45:16.886  WARN 18772 --- [http-nio-8080-exec-1] .m.m.a.ExceptionHandlerExceptionResolver : Resolved [org.springframework.web.bind.MethodArgumentNotValidException: Validation failed for argument [0] in public org.springframework.http.ResponseEntity<com.edtech_api.api.dtos.outputs.CarreiraOutput> com.edtech_api.api.controller.CarreiraController.criar(com.edtech_api.api.dtos.inputs.CarreiraInput): [Field error in object 'carreiraInput' on field 'nome': rejected value []; codes [NotBlank.carreiraInput.nome,NotBlank.nome,NotBlank.java.lang.String,NotBlank]; arguments [org.springframework.context.support.DefaultMessageSourceResolvable: codes [carreiraInput.nome,nome]; arguments []; default message [nome]]; default message [não deve estar em branco]] ]
2022-11-02 18:46:04.368  WARN 18772 --- [http-nio-8080-exec-4] .m.m.a.ExceptionHandlerExceptionResolver : Resolved [org.springframework.web.bind.MethodArgumentNotValidException: Validation failed for argument [0] in public org.springframework.http.ResponseEntity<com.edtech_api.api.dtos.outputs.CarreiraOutput> com.edtech_api.api.controller.CarreiraController.criar(com.edtech_api.api.dtos.inputs.CarreiraInput): [Field error in object 'carreiraInput' on field 'nome': rejected value [JavaiandoasasdkifjhasdjkfhsdkajfksdnfksdnfvjksdncvjkldsNVJKLNSDJL;VNSDKLVNMS;DKLVS;DKLNMVKSDMVFK;DSM;VMSDFL;GVBM,DFL;GB;DFLM]; codes [Size.carreiraInput.nome,Size.nome,Size.java.lang.String,Size]; arguments [org.springframework.context.support.DefaultMessageSourceResolvable: codes [carreiraInput.nome,nome]; arguments []; default message [nome],60,0]; default message [tamanho deve ser entre 0 e 60]] ]
2022-11-02 18:46:37.866  WARN 18772 --- [http-nio-8080-exec-6] .m.m.a.ExceptionHandlerExceptionResolver : Resolved [org.springframework.web.bind.MethodArgumentNotValidException: Validation failed for argument [0] in public org.springframework.http.ResponseEntity<com.edtech_api.api.dtos.outputs.CarreiraOutput> com.edtech_api.api.controller.CarreiraController.criar(com.edtech_api.api.dtos.inputs.CarreiraInput) with 2 errors: [Field error in object 'carreiraInput' on field 'nome': rejected value []; codes [NotBlank.carreiraInput.nome,NotBlank.nome,NotBlank.java.lang.String,NotBlank]; arguments [org.springframework.context.support.DefaultMessageSourceResolvable: codes [carreiraInput.nome,nome]; arguments []; default message [nome]]; default message [não deve estar em branco]] [Field error in object 'carreiraInput' on field 'duracao': rejected value [null]; codes [NotNull.carreiraInput.duracao,NotNull.duracao,NotNull.java.lang.Integer,NotNull]; arguments [org.springframework.context.support.DefaultMessageSourceResolvable: codes [carreiraInput.duracao,duracao]; arguments []; default message [duracao]]; default message [não deve ser nulo]] ]
2022-11-02 18:46:50.111  WARN 18772 --- [http-nio-8080-exec-8] .m.m.a.ExceptionHandlerExceptionResolver : Resolved [org.springframework.http.converter.HttpMessageNotReadableException: JSON parse error: Cannot deserialize value of type `java.lang.Integer` from String "isdfj": not a valid `java.lang.Integer` value; nested exception is com.fasterxml.jackson.databind.exc.InvalidFormatException: Cannot deserialize value of type `java.lang.Integer` from String "isdfj": not a valid `java.lang.Integer` value<EOL> at [Source: (org.springframework.util.StreamUtils$NonClosingInputStream); line: 3, column: 17] (through reference chain: com.edtech_api.api.dtos.inputs.CarreiraInput["duracao"])]
2022-11-02 18:47:36.186  WARN 18772 --- [http-nio-8080-exec-9] .m.m.a.ExceptionHandlerExceptionResolver : Resolved [org.springframework.web.bind.MethodArgumentNotValidException: Validation failed for argument [0] in public org.springframework.http.ResponseEntity<com.edtech_api.api.dtos.outputs.CarreiraOutput> com.edtech_api.api.controller.CarreiraController.criar(com.edtech_api.api.dtos.inputs.CarreiraInput) with 3 errors: [Field error in object 'carreiraInput' on field 'nome': rejected value []; codes [NotBlank.carreiraInput.nome,NotBlank.nome,NotBlank.java.lang.String,NotBlank]; arguments [org.springframework.context.support.DefaultMessageSourceResolvable: codes [carreiraInput.nome,nome]; arguments []; default message [nome]]; default message [não deve estar em branco]] [Field error in object 'carreiraInput' on field 'duracaoProjetoFinal': rejected value [null]; codes [NotNull.carreiraInput.duracaoProjetoFinal,NotNull.duracaoProjetoFinal,NotNull.java.lang.Integer,NotNull]; arguments [org.springframework.context.support.DefaultMessageSourceResolvable: codes [carreiraInput.duracaoProjetoFinal,duracaoProjetoFinal]; arguments []; default message [duracaoProjetoFinal]]; default message [não deve ser nulo]] [Field error in object 'carreiraInput' on field 'duracao': rejected value [null]; codes [NotNull.carreiraInput.duracao,NotNull.duracao,NotNull.java.lang.Integer,NotNull]; arguments [org.springframework.context.support.DefaultMessageSourceResolvable: codes [carreiraInput.duracao,duracao]; arguments []; default message [duracao]]; default message [não deve ser nulo]] ]
2022-11-02 18:47:42.737  WARN 18772 --- [http-nio-8080-exec-1] .m.m.a.ExceptionHandlerExceptionResolver : Resolved [org.springframework.web.bind.MethodArgumentNotValidException: Validation failed for argument [0] in public org.springframework.http.ResponseEntity<com.edtech_api.api.dtos.outputs.CarreiraOutput> com.edtech_api.api.controller.CarreiraController.criar(com.edtech_api.api.dtos.inputs.CarreiraInput) with 3 errors: [Field error in object 'carreiraInput' on field 'duracao': rejected value [null]; codes [NotNull.carreiraInput.duracao,NotNull.duracao,NotNull.java.lang.Integer,NotNull]; arguments [org.springframework.context.support.DefaultMessageSourceResolvable: codes [carreiraInput.duracao,duracao]; arguments []; default message [duracao]]; default message [não deve ser nulo]] [Field error in object 'carreiraInput' on field 'duracaoProjetoFinal': rejected value [null]; codes [NotNull.carreiraInput.duracaoProjetoFinal,NotNull.duracaoProjetoFinal,NotNull.java.lang.Integer,NotNull]; arguments [org.springframework.context.support.DefaultMessageSourceResolvable: codes [carreiraInput.duracaoProjetoFinal,duracaoProjetoFinal]; arguments []; default message [duracaoProjetoFinal]]; default message [não deve ser nulo]] [Field error in object 'carreiraInput' on field 'nome': rejected value [null]; codes [NotBlank.carreiraInput.nome,NotBlank.nome,NotBlank.java.lang.String,NotBlank]; arguments [org.springframework.context.support.DefaultMessageSourceResolvable: codes [carreiraInput.nome,nome]; arguments []; default message [nome]]; default message [não deve estar em branco]] ]
2022-11-02 18:47:53.938  WARN 18772 --- [http-nio-8080-exec-4] .m.m.a.ExceptionHandlerExceptionResolver : Resolved [org.springframework.web.bind.MethodArgumentNotValidException: Validation failed for argument [0] in public org.springframework.http.ResponseEntity<com.edtech_api.api.dtos.outputs.CarreiraOutput> com.edtech_api.api.controller.CarreiraController.criar(com.edtech_api.api.dtos.inputs.CarreiraInput): [Field error in object 'carreiraInput' on field 'nome': rejected value [null]; codes [NotBlank.carreiraInput.nome,NotBlank.nome,NotBlank.java.lang.String,NotBlank]; arguments [org.springframework.context.support.DefaultMessageSourceResolvable: codes [carreiraInput.nome,nome]; arguments []; default message [nome]]; default message [não deve estar em branco]] ]
2022-11-02 18:48:19.072  INFO 18772 --- [http-nio-8080-exec-6] c.e.api.controller.CarreiraController    : POST de carreira - Realizado com sucesso!
2022-11-02 18:50:35.916  INFO 18772 --- [File Watcher] rtingClassPathChangeChangedEventListener : Restarting due to 1 class path change (0 additions, 0 deletions, 1 modification)
2022-11-02 18:50:35.928  INFO 18772 --- [Thread-5] o.apache.catalina.core.StandardService   : Stopping service [Tomcat]
2022-11-02 18:50:35.929  INFO 18772 --- [Thread-5] o.a.c.c.C.[Tomcat].[localhost].[/]       : Destroying Spring FrameworkServlet 'dispatcherServlet'
2022-11-02 18:50:35.936  INFO 18772 --- [Thread-5] j.LocalContainerEntityManagerFactoryBean : Closing JPA EntityManagerFactory for persistence unit 'default'
2022-11-02 18:50:35.939  INFO 18772 --- [Thread-5] com.zaxxer.hikari.HikariDataSource       : HikariPool-1 - Shutdown initiated...
2022-11-02 18:50:35.948  INFO 18772 --- [Thread-5] com.zaxxer.hikari.HikariDataSource       : HikariPool-1 - Shutdown completed.
2022-11-02 18:50:36.012  INFO 18772 --- [restartedMain] com.edtech_api.EdtechApplication         : Starting EdtechApplication using Java 17.0.4.1 on PC_lucas with PID 18772 (C:\Users\lucas\Documents\Cursos\soulCode_bootcampJavaFullStack\projetoFinal_Refatorado\api\edtech\target\classes started by lucas in C:\Users\lucas\Documents\Cursos\soulCode_bootcampJavaFullStack\projetoFinal_Refatorado\api\edtech)
2022-11-02 18:50:36.012  INFO 18772 --- [restartedMain] com.edtech_api.EdtechApplication         : No active profile set, falling back to 1 default profile: "default"
2022-11-02 18:50:36.163  INFO 18772 --- [restartedMain] .s.d.r.c.RepositoryConfigurationDelegate : Bootstrapping Spring Data JPA repositories in DEFAULT mode.
2022-11-02 18:50:36.182  INFO 18772 --- [restartedMain] .s.d.r.c.RepositoryConfigurationDelegate : Finished Spring Data repository scanning in 18 ms. Found 5 JPA repository interfaces.
2022-11-02 18:50:36.267  INFO 18772 --- [restartedMain] o.s.b.w.embedded.tomcat.TomcatWebServer  : Tomcat initialized with port(s): 8080 (http)
2022-11-02 18:50:36.268  INFO 18772 --- [restartedMain] o.apache.catalina.core.StandardService   : Starting service [Tomcat]
2022-11-02 18:50:36.268  INFO 18772 --- [restartedMain] org.apache.catalina.core.StandardEngine  : Starting Servlet engine: [Apache Tomcat/9.0.65]
2022-11-02 18:50:36.280  INFO 18772 --- [restartedMain] o.a.c.c.C.[Tomcat].[localhost].[/]       : Initializing Spring embedded WebApplicationContext
2022-11-02 18:50:36.280  INFO 18772 --- [restartedMain] w.s.c.ServletWebServerApplicationContext : Root WebApplicationContext: initialization completed in 266 ms
2022-11-02 18:50:36.305  INFO 18772 --- [restartedMain] o.f.c.internal.license.VersionPrinter    : Flyway Community Edition 8.5.13 by Redgate
2022-11-02 18:50:36.306  INFO 18772 --- [restartedMain] o.f.c.internal.license.VersionPrinter    : See what's new here: https://flywaydb.org/documentation/learnmore/releaseNotes#8.5.13
2022-11-02 18:50:36.306  INFO 18772 --- [restartedMain] o.f.c.internal.license.VersionPrinter    : 
2022-11-02 18:50:36.307  INFO 18772 --- [restartedMain] com.zaxxer.hikari.HikariDataSource       : HikariPool-2 - Starting...
2022-11-02 18:50:36.363  INFO 18772 --- [restartedMain] com.zaxxer.hikari.HikariDataSource       : HikariPool-2 - Start completed.
2022-11-02 18:50:36.364  INFO 18772 --- [restartedMain] o.f.c.i.database.base.BaseDatabaseType   : Database: jdbc:mysql://localhost/edtech (MySQL 8.0)
2022-11-02 18:50:36.387  INFO 18772 --- [restartedMain] o.f.core.internal.command.DbValidate     : Successfully validated 7 migrations (execution time 00:00.010s)
2022-11-02 18:50:36.397  INFO 18772 --- [restartedMain] o.f.core.internal.command.DbMigrate      : Current version of schema `edtech`: 007
2022-11-02 18:50:36.398  INFO 18772 --- [restartedMain] o.f.core.internal.command.DbMigrate      : Schema `edtech` is up to date. No migration necessary.
2022-11-02 18:50:36.415  INFO 18772 --- [restartedMain] o.hibernate.jpa.internal.util.LogHelper  : HHH000204: Processing PersistenceUnitInfo [name: default]
2022-11-02 18:50:36.419  INFO 18772 --- [restartedMain] org.hibernate.dialect.Dialect            : HHH000400: Using dialect: org.hibernate.dialect.MySQL8Dialect
2022-11-02 18:50:36.486  INFO 18772 --- [restartedMain] o.h.e.t.j.p.i.JtaPlatformInitiator       : HHH000490: Using JtaPlatform implementation: [org.hibernate.engine.transaction.jta.platform.internal.NoJtaPlatform]
2022-11-02 18:50:36.486  INFO 18772 --- [restartedMain] j.LocalContainerEntityManagerFactoryBean : Initialized JPA EntityManagerFactory for persistence unit 'default'
2022-11-02 18:50:36.617  WARN 18772 --- [restartedMain] JpaBaseConfiguration$JpaWebConfiguration : spring.jpa.open-in-view is enabled by default. Therefore, database queries may be performed during view rendering. Explicitly configure spring.jpa.open-in-view to disable this warning
2022-11-02 18:50:36.702  INFO 18772 --- [restartedMain] o.s.b.d.a.OptionalLiveReloadServer       : LiveReload server is running on port 35729
2022-11-02 18:50:36.718  INFO 18772 --- [restartedMain] o.s.b.w.embedded.tomcat.TomcatWebServer  : Tomcat started on port(s): 8080 (http) with context path ''
2022-11-02 18:50:36.722  INFO 18772 --- [restartedMain] com.edtech_api.EdtechApplication         : Started EdtechApplication in 0.734 seconds (JVM running for 380.019)
2022-11-02 18:50:36.725  INFO 18772 --- [restartedMain] .ConditionEvaluationDeltaLoggingListener : Condition evaluation unchanged
2022-11-02 18:54:04.514  INFO 18772 --- [File Watcher] rtingClassPathChangeChangedEventListener : Restarting due to 1 class path change (0 additions, 0 deletions, 1 modification)
2022-11-02 18:54:04.524  INFO 18772 --- [Thread-7] o.apache.catalina.core.StandardService   : Stopping service [Tomcat]
2022-11-02 18:54:04.527  INFO 18772 --- [Thread-7] j.LocalContainerEntityManagerFactoryBean : Closing JPA EntityManagerFactory for persistence unit 'default'
2022-11-02 18:54:04.528  INFO 18772 --- [Thread-7] com.zaxxer.hikari.HikariDataSource       : HikariPool-2 - Shutdown initiated...
2022-11-02 18:54:04.535  INFO 18772 --- [Thread-7] com.zaxxer.hikari.HikariDataSource       : HikariPool-2 - Shutdown completed.
2022-11-02 18:54:04.595  INFO 18772 --- [restartedMain] com.edtech_api.EdtechApplication         : Starting EdtechApplication using Java 17.0.4.1 on PC_lucas with PID 18772 (C:\Users\lucas\Documents\Cursos\soulCode_bootcampJavaFullStack\projetoFinal_Refatorado\api\edtech\target\classes started by lucas in C:\Users\lucas\Documents\Cursos\soulCode_bootcampJavaFullStack\projetoFinal_Refatorado\api\edtech)
2022-11-02 18:54:04.595  INFO 18772 --- [restartedMain] com.edtech_api.EdtechApplication         : No active profile set, falling back to 1 default profile: "default"
2022-11-02 18:54:04.737  INFO 18772 --- [restartedMain] .s.d.r.c.RepositoryConfigurationDelegate : Bootstrapping Spring Data JPA repositories in DEFAULT mode.
2022-11-02 18:54:04.756  INFO 18772 --- [restartedMain] .s.d.r.c.RepositoryConfigurationDelegate : Finished Spring Data repository scanning in 18 ms. Found 5 JPA repository interfaces.
2022-11-02 18:54:04.836  INFO 18772 --- [restartedMain] o.s.b.w.embedded.tomcat.TomcatWebServer  : Tomcat initialized with port(s): 8080 (http)
2022-11-02 18:54:04.837  INFO 18772 --- [restartedMain] o.apache.catalina.core.StandardService   : Starting service [Tomcat]
2022-11-02 18:54:04.837  INFO 18772 --- [restartedMain] org.apache.catalina.core.StandardEngine  : Starting Servlet engine: [Apache Tomcat/9.0.65]
2022-11-02 18:54:04.850  INFO 18772 --- [restartedMain] o.a.c.c.C.[Tomcat].[localhost].[/]       : Initializing Spring embedded WebApplicationContext
2022-11-02 18:54:04.850  INFO 18772 --- [restartedMain] w.s.c.ServletWebServerApplicationContext : Root WebApplicationContext: initialization completed in 253 ms
2022-11-02 18:54:04.874  INFO 18772 --- [restartedMain] o.f.c.internal.license.VersionPrinter    : Flyway Community Edition 8.5.13 by Redgate
2022-11-02 18:54:04.875  INFO 18772 --- [restartedMain] o.f.c.internal.license.VersionPrinter    : See what's new here: https://flywaydb.org/documentation/learnmore/releaseNotes#8.5.13
2022-11-02 18:54:04.875  INFO 18772 --- [restartedMain] o.f.c.internal.license.VersionPrinter    : 
2022-11-02 18:54:04.876  INFO 18772 --- [restartedMain] com.zaxxer.hikari.HikariDataSource       : HikariPool-3 - Starting...
2022-11-02 18:54:04.935  INFO 18772 --- [restartedMain] com.zaxxer.hikari.HikariDataSource       : HikariPool-3 - Start completed.
2022-11-02 18:54:04.936  INFO 18772 --- [restartedMain] o.f.c.i.database.base.BaseDatabaseType   : Database: jdbc:mysql://localhost/edtech (MySQL 8.0)
2022-11-02 18:54:04.957  INFO 18772 --- [restartedMain] o.f.core.internal.command.DbValidate     : Successfully validated 7 migrations (execution time 00:00.010s)
2022-11-02 18:54:04.967  INFO 18772 --- [restartedMain] o.f.core.internal.command.DbMigrate      : Current version of schema `edtech`: 007
2022-11-02 18:54:04.968  INFO 18772 --- [restartedMain] o.f.core.internal.command.DbMigrate      : Schema `edtech` is up to date. No migration necessary.
2022-11-02 18:54:04.985  INFO 18772 --- [restartedMain] o.hibernate.jpa.internal.util.LogHelper  : HHH000204: Processing PersistenceUnitInfo [name: default]
2022-11-02 18:54:04.989  INFO 18772 --- [restartedMain] org.hibernate.dialect.Dialect            : HHH000400: Using dialect: org.hibernate.dialect.MySQL8Dialect
2022-11-02 18:54:05.051  INFO 18772 --- [restartedMain] o.h.e.t.j.p.i.JtaPlatformInitiator       : HHH000490: Using JtaPlatform implementation: [org.hibernate.engine.transaction.jta.platform.internal.NoJtaPlatform]
2022-11-02 18:54:05.052  INFO 18772 --- [restartedMain] j.LocalContainerEntityManagerFactoryBean : Initialized JPA EntityManagerFactory for persistence unit 'default'
2022-11-02 18:54:05.175  WARN 18772 --- [restartedMain] JpaBaseConfiguration$JpaWebConfiguration : spring.jpa.open-in-view is enabled by default. Therefore, database queries may be performed during view rendering. Explicitly configure spring.jpa.open-in-view to disable this warning
2022-11-02 18:54:05.245  INFO 18772 --- [restartedMain] o.s.b.d.a.OptionalLiveReloadServer       : LiveReload server is running on port 35729
2022-11-02 18:54:05.253  INFO 18772 --- [restartedMain] o.s.b.w.embedded.tomcat.TomcatWebServer  : Tomcat started on port(s): 8080 (http) with context path ''
2022-11-02 18:54:05.256  INFO 18772 --- [restartedMain] com.edtech_api.EdtechApplication         : Started EdtechApplication in 0.682 seconds (JVM running for 588.553)
2022-11-02 18:54:05.257  INFO 18772 --- [restartedMain] .ConditionEvaluationDeltaLoggingListener : Condition evaluation unchanged
2022-11-02 18:54:48.624  INFO 18772 --- [File Watcher] rtingClassPathChangeChangedEventListener : Restarting due to 1 class path change (0 additions, 0 deletions, 1 modification)
2022-11-02 18:54:48.634  INFO 18772 --- [Thread-11] o.apache.catalina.core.StandardService   : Stopping service [Tomcat]
2022-11-02 18:54:48.637  INFO 18772 --- [Thread-11] j.LocalContainerEntityManagerFactoryBean : Closing JPA EntityManagerFactory for persistence unit 'default'
2022-11-02 18:54:48.638  INFO 18772 --- [Thread-11] com.zaxxer.hikari.HikariDataSource       : HikariPool-3 - Shutdown initiated...
2022-11-02 18:54:48.644  INFO 18772 --- [Thread-11] com.zaxxer.hikari.HikariDataSource       : HikariPool-3 - Shutdown completed.
2022-11-02 18:54:48.697  INFO 18772 --- [restartedMain] com.edtech_api.EdtechApplication         : Starting EdtechApplication using Java 17.0.4.1 on PC_lucas with PID 18772 (C:\Users\lucas\Documents\Cursos\soulCode_bootcampJavaFullStack\projetoFinal_Refatorado\api\edtech\target\classes started by lucas in C:\Users\lucas\Documents\Cursos\soulCode_bootcampJavaFullStack\projetoFinal_Refatorado\api\edtech)
2022-11-02 18:54:48.698  INFO 18772 --- [restartedMain] com.edtech_api.EdtechApplication         : No active profile set, falling back to 1 default profile: "default"
2022-11-02 18:54:48.825  INFO 18772 --- [restartedMain] .s.d.r.c.RepositoryConfigurationDelegate : Bootstrapping Spring Data JPA repositories in DEFAULT mode.
2022-11-02 18:54:48.842  INFO 18772 --- [restartedMain] .s.d.r.c.RepositoryConfigurationDelegate : Finished Spring Data repository scanning in 16 ms. Found 5 JPA repository interfaces.
2022-11-02 18:54:48.913  INFO 18772 --- [restartedMain] o.s.b.w.embedded.tomcat.TomcatWebServer  : Tomcat initialized with port(s): 8080 (http)
2022-11-02 18:54:48.913  INFO 18772 --- [restartedMain] o.apache.catalina.core.StandardService   : Starting service [Tomcat]
2022-11-02 18:54:48.913  INFO 18772 --- [restartedMain] org.apache.catalina.core.StandardEngine  : Starting Servlet engine: [Apache Tomcat/9.0.65]
2022-11-02 18:54:48.924  INFO 18772 --- [restartedMain] o.a.c.c.C.[Tomcat].[localhost].[/]       : Initializing Spring embedded WebApplicationContext
2022-11-02 18:54:48.924  INFO 18772 --- [restartedMain] w.s.c.ServletWebServerApplicationContext : Root WebApplicationContext: initialization completed in 225 ms
2022-11-02 18:54:48.948  INFO 18772 --- [restartedMain] o.f.c.internal.license.VersionPrinter    : Flyway Community Edition 8.5.13 by Redgate
2022-11-02 18:54:48.948  INFO 18772 --- [restartedMain] o.f.c.internal.license.VersionPrinter    : See what's new here: https://flywaydb.org/documentation/learnmore/releaseNotes#8.5.13
2022-11-02 18:54:48.948  INFO 18772 --- [restartedMain] o.f.c.internal.license.VersionPrinter    : 
2022-11-02 18:54:48.949  INFO 18772 --- [restartedMain] com.zaxxer.hikari.HikariDataSource       : HikariPool-4 - Starting...
2022-11-02 18:54:49.012  INFO 18772 --- [restartedMain] com.zaxxer.hikari.HikariDataSource       : HikariPool-4 - Start completed.
2022-11-02 18:54:49.014  INFO 18772 --- [restartedMain] o.f.c.i.database.base.BaseDatabaseType   : Database: jdbc:mysql://localhost/edtech (MySQL 8.0)
2022-11-02 18:54:49.035  INFO 18772 --- [restartedMain] o.f.core.internal.command.DbValidate     : Successfully validated 7 migrations (execution time 00:00.009s)
2022-11-02 18:54:49.043  INFO 18772 --- [restartedMain] o.f.core.internal.command.DbMigrate      : Current version of schema `edtech`: 007
2022-11-02 18:54:49.044  INFO 18772 --- [restartedMain] o.f.core.internal.command.DbMigrate      : Schema `edtech` is up to date. No migration necessary.
2022-11-02 18:54:49.059  INFO 18772 --- [restartedMain] o.hibernate.jpa.internal.util.LogHelper  : HHH000204: Processing PersistenceUnitInfo [name: default]
2022-11-02 18:54:49.063  INFO 18772 --- [restartedMain] org.hibernate.dialect.Dialect            : HHH000400: Using dialect: org.hibernate.dialect.MySQL8Dialect
2022-11-02 18:54:49.112  INFO 18772 --- [restartedMain] o.h.e.t.j.p.i.JtaPlatformInitiator       : HHH000490: Using JtaPlatform implementation: [org.hibernate.engine.transaction.jta.platform.internal.NoJtaPlatform]
2022-11-02 18:54:49.114  INFO 18772 --- [restartedMain] j.LocalContainerEntityManagerFactoryBean : Initialized JPA EntityManagerFactory for persistence unit 'default'
2022-11-02 18:54:49.239  WARN 18772 --- [restartedMain] JpaBaseConfiguration$JpaWebConfiguration : spring.jpa.open-in-view is enabled by default. Therefore, database queries may be performed during view rendering. Explicitly configure spring.jpa.open-in-view to disable this warning
2022-11-02 18:54:49.308  INFO 18772 --- [restartedMain] o.s.b.d.a.OptionalLiveReloadServer       : LiveReload server is running on port 35729
2022-11-02 18:54:49.317  INFO 18772 --- [restartedMain] o.s.b.w.embedded.tomcat.TomcatWebServer  : Tomcat started on port(s): 8080 (http) with context path ''
2022-11-02 18:54:49.320  INFO 18772 --- [restartedMain] com.edtech_api.EdtechApplication         : Started EdtechApplication in 0.64 seconds (JVM running for 632.616)
2022-11-02 18:54:49.321  INFO 18772 --- [restartedMain] .ConditionEvaluationDeltaLoggingListener : Condition evaluation unchanged
2022-11-02 18:55:08.882  INFO 18772 --- [http-nio-8080-exec-1] o.a.c.c.C.[Tomcat].[localhost].[/]       : Initializing Spring DispatcherServlet 'dispatcherServlet'
2022-11-02 18:55:08.882  INFO 18772 --- [http-nio-8080-exec-1] o.s.web.servlet.DispatcherServlet        : Initializing Servlet 'dispatcherServlet'
2022-11-02 18:55:08.883  INFO 18772 --- [http-nio-8080-exec-1] o.s.web.servlet.DispatcherServlet        : Completed initialization in 1 ms
2022-11-02 18:55:08.902  INFO 18772 --- [http-nio-8080-exec-1] c.e.api.controller.CarreiraController    : GET listar todas carreiras - Realizado com sucesso!
2022-11-02 18:55:41.329  INFO 18772 --- [http-nio-8080-exec-3] c.e.api.controller.CarreiraController    : GET listar todas carreiras - Realizado com sucesso!
2022-11-02 19:01:05.496  INFO 18772 --- [File Watcher] rtingClassPathChangeChangedEventListener : Restarting due to 1 class path change (0 additions, 0 deletions, 1 modification)
2022-11-02 19:01:05.505  INFO 18772 --- [Thread-15] o.apache.catalina.core.StandardService   : Stopping service [Tomcat]
2022-11-02 19:01:05.505  INFO 18772 --- [Thread-15] o.a.c.c.C.[Tomcat].[localhost].[/]       : Destroying Spring FrameworkServlet 'dispatcherServlet'
2022-11-02 19:01:05.511  INFO 18772 --- [Thread-15] j.LocalContainerEntityManagerFactoryBean : Closing JPA EntityManagerFactory for persistence unit 'default'
2022-11-02 19:01:05.512  INFO 18772 --- [Thread-15] com.zaxxer.hikari.HikariDataSource       : HikariPool-4 - Shutdown initiated...
2022-11-02 19:01:05.519  INFO 18772 --- [Thread-15] com.zaxxer.hikari.HikariDataSource       : HikariPool-4 - Shutdown completed.
2022-11-02 19:01:05.581  INFO 18772 --- [restartedMain] com.edtech_api.EdtechApplication         : Starting EdtechApplication using Java 17.0.4.1 on PC_lucas with PID 18772 (C:\Users\lucas\Documents\Cursos\soulCode_bootcampJavaFullStack\projetoFinal_Refatorado\api\edtech\target\classes started by lucas in C:\Users\lucas\Documents\Cursos\soulCode_bootcampJavaFullStack\projetoFinal_Refatorado\api\edtech)
2022-11-02 19:01:05.581  INFO 18772 --- [restartedMain] com.edtech_api.EdtechApplication         : No active profile set, falling back to 1 default profile: "default"
2022-11-02 19:01:05.743  INFO 18772 --- [restartedMain] .s.d.r.c.RepositoryConfigurationDelegate : Bootstrapping Spring Data JPA repositories in DEFAULT mode.
2022-11-02 19:01:05.760  INFO 18772 --- [restartedMain] .s.d.r.c.RepositoryConfigurationDelegate : Finished Spring Data repository scanning in 16 ms. Found 5 JPA repository interfaces.
2022-11-02 19:01:05.842  INFO 18772 --- [restartedMain] o.s.b.w.embedded.tomcat.TomcatWebServer  : Tomcat initialized with port(s): 8080 (http)
2022-11-02 19:01:05.843  INFO 18772 --- [restartedMain] o.apache.catalina.core.StandardService   : Starting service [Tomcat]
2022-11-02 19:01:05.843  INFO 18772 --- [restartedMain] org.apache.catalina.core.StandardEngine  : Starting Servlet engine: [Apache Tomcat/9.0.65]
2022-11-02 19:01:05.854  INFO 18772 --- [restartedMain] o.a.c.c.C.[Tomcat].[localhost].[/]       : Initializing Spring embedded WebApplicationContext
2022-11-02 19:01:05.854  INFO 18772 --- [restartedMain] w.s.c.ServletWebServerApplicationContext : Root WebApplicationContext: initialization completed in 271 ms
2022-11-02 19:01:05.879  INFO 18772 --- [restartedMain] o.f.c.internal.license.VersionPrinter    : Flyway Community Edition 8.5.13 by Redgate
2022-11-02 19:01:05.879  INFO 18772 --- [restartedMain] o.f.c.internal.license.VersionPrinter    : See what's new here: https://flywaydb.org/documentation/learnmore/releaseNotes#8.5.13
2022-11-02 19:01:05.879  INFO 18772 --- [restartedMain] o.f.c.internal.license.VersionPrinter    : 
2022-11-02 19:01:05.880  INFO 18772 --- [restartedMain] com.zaxxer.hikari.HikariDataSource       : HikariPool-5 - Starting...
2022-11-02 19:01:05.945  INFO 18772 --- [restartedMain] com.zaxxer.hikari.HikariDataSource       : HikariPool-5 - Start completed.
2022-11-02 19:01:05.946  INFO 18772 --- [restartedMain] o.f.c.i.database.base.BaseDatabaseType   : Database: jdbc:mysql://localhost/edtech (MySQL 8.0)
2022-11-02 19:01:05.967  INFO 18772 --- [restartedMain] o.f.core.internal.command.DbValidate     : Successfully validated 7 migrations (execution time 00:00.009s)
2022-11-02 19:01:05.976  INFO 18772 --- [restartedMain] o.f.core.internal.command.DbMigrate      : Current version of schema `edtech`: 007
2022-11-02 19:01:05.977  INFO 18772 --- [restartedMain] o.f.core.internal.command.DbMigrate      : Schema `edtech` is up to date. No migration necessary.
2022-11-02 19:01:05.993  INFO 18772 --- [restartedMain] o.hibernate.jpa.internal.util.LogHelper  : HHH000204: Processing PersistenceUnitInfo [name: default]
2022-11-02 19:01:05.998  INFO 18772 --- [restartedMain] org.hibernate.dialect.Dialect            : HHH000400: Using dialect: org.hibernate.dialect.MySQL8Dialect
2022-11-02 19:01:06.048  INFO 18772 --- [restartedMain] o.h.e.t.j.p.i.JtaPlatformInitiator       : HHH000490: Using JtaPlatform implementation: [org.hibernate.engine.transaction.jta.platform.internal.NoJtaPlatform]
2022-11-02 19:01:06.048  INFO 18772 --- [restartedMain] j.LocalContainerEntityManagerFactoryBean : Initialized JPA EntityManagerFactory for persistence unit 'default'
2022-11-02 19:01:06.181  WARN 18772 --- [restartedMain] JpaBaseConfiguration$JpaWebConfiguration : spring.jpa.open-in-view is enabled by default. Therefore, database queries may be performed during view rendering. Explicitly configure spring.jpa.open-in-view to disable this warning
2022-11-02 19:01:06.269  INFO 18772 --- [restartedMain] o.s.b.d.a.OptionalLiveReloadServer       : LiveReload server is running on port 35729
2022-11-02 19:01:06.279  INFO 18772 --- [restartedMain] o.s.b.w.embedded.tomcat.TomcatWebServer  : Tomcat started on port(s): 8080 (http) with context path ''
2022-11-02 19:01:06.282  INFO 18772 --- [restartedMain] com.edtech_api.EdtechApplication         : Started EdtechApplication in 0.722 seconds (JVM running for 1009.579)
2022-11-02 19:01:06.283  INFO 18772 --- [restartedMain] .ConditionEvaluationDeltaLoggingListener : Condition evaluation unchanged
2022-11-02 19:01:53.624  INFO 18772 --- [http-nio-8080-exec-3] o.a.c.c.C.[Tomcat].[localhost].[/]       : Initializing Spring DispatcherServlet 'dispatcherServlet'
2022-11-02 19:01:53.624  INFO 18772 --- [http-nio-8080-exec-3] o.s.web.servlet.DispatcherServlet        : Initializing Servlet 'dispatcherServlet'
2022-11-02 19:01:53.625  INFO 18772 --- [http-nio-8080-exec-3] o.s.web.servlet.DispatcherServlet        : Completed initialization in 1 ms
2022-11-02 19:01:53.647  INFO 18772 --- [http-nio-8080-exec-3] c.e.api.controller.CarreiraController    : GET buscar de carreria by id: 1- Realizado com sucesso!
2022-11-02 19:02:01.778  INFO 18772 --- [http-nio-8080-exec-2] c.e.api.controller.CarreiraController    : GET buscar de carreria by id: 1- Realizado com sucesso!
2022-11-02 19:02:01.800  INFO 18772 --- [File Watcher] rtingClassPathChangeChangedEventListener : Restarting due to 1 class path change (0 additions, 0 deletions, 1 modification)
2022-11-02 19:02:01.809  INFO 18772 --- [Thread-19] o.apache.catalina.core.StandardService   : Stopping service [Tomcat]
2022-11-02 19:02:01.809  INFO 18772 --- [Thread-19] o.a.c.c.C.[Tomcat].[localhost].[/]       : Destroying Spring FrameworkServlet 'dispatcherServlet'
2022-11-02 19:02:01.813  INFO 18772 --- [Thread-19] j.LocalContainerEntityManagerFactoryBean : Closing JPA EntityManagerFactory for persistence unit 'default'
2022-11-02 19:02:01.814  INFO 18772 --- [Thread-19] com.zaxxer.hikari.HikariDataSource       : HikariPool-5 - Shutdown initiated...
2022-11-02 19:02:01.821  INFO 18772 --- [Thread-19] com.zaxxer.hikari.HikariDataSource       : HikariPool-5 - Shutdown completed.
2022-11-02 19:02:01.887  INFO 18772 --- [restartedMain] com.edtech_api.EdtechApplication         : Starting EdtechApplication using Java 17.0.4.1 on PC_lucas with PID 18772 (C:\Users\lucas\Documents\Cursos\soulCode_bootcampJavaFullStack\projetoFinal_Refatorado\api\edtech\target\classes started by lucas in C:\Users\lucas\Documents\Cursos\soulCode_bootcampJavaFullStack\projetoFinal_Refatorado\api\edtech)
2022-11-02 19:02:01.887  INFO 18772 --- [restartedMain] com.edtech_api.EdtechApplication         : No active profile set, falling back to 1 default profile: "default"
2022-11-02 19:02:02.013  INFO 18772 --- [restartedMain] .s.d.r.c.RepositoryConfigurationDelegate : Bootstrapping Spring Data JPA repositories in DEFAULT mode.
2022-11-02 19:02:02.029  INFO 18772 --- [restartedMain] .s.d.r.c.RepositoryConfigurationDelegate : Finished Spring Data repository scanning in 15 ms. Found 5 JPA repository interfaces.
2022-11-02 19:02:02.094  INFO 18772 --- [restartedMain] o.s.b.w.embedded.tomcat.TomcatWebServer  : Tomcat initialized with port(s): 8080 (http)
2022-11-02 19:02:02.095  INFO 18772 --- [restartedMain] o.apache.catalina.core.StandardService   : Starting service [Tomcat]
2022-11-02 19:02:02.095  INFO 18772 --- [restartedMain] org.apache.catalina.core.StandardEngine  : Starting Servlet engine: [Apache Tomcat/9.0.65]
2022-11-02 19:02:02.106  INFO 18772 --- [restartedMain] o.a.c.c.C.[Tomcat].[localhost].[/]       : Initializing Spring embedded WebApplicationContext
2022-11-02 19:02:02.106  INFO 18772 --- [restartedMain] w.s.c.ServletWebServerApplicationContext : Root WebApplicationContext: initialization completed in 217 ms
2022-11-02 19:02:02.130  INFO 18772 --- [restartedMain] o.f.c.internal.license.VersionPrinter    : Flyway Community Edition 8.5.13 by Redgate
2022-11-02 19:02:02.130  INFO 18772 --- [restartedMain] o.f.c.internal.license.VersionPrinter    : See what's new here: https://flywaydb.org/documentation/learnmore/releaseNotes#8.5.13
2022-11-02 19:02:02.130  INFO 18772 --- [restartedMain] o.f.c.internal.license.VersionPrinter    : 
2022-11-02 19:02:02.132  INFO 18772 --- [restartedMain] com.zaxxer.hikari.HikariDataSource       : HikariPool-6 - Starting...
2022-11-02 19:02:02.194  INFO 18772 --- [restartedMain] com.zaxxer.hikari.HikariDataSource       : HikariPool-6 - Start completed.
2022-11-02 19:02:02.195  INFO 18772 --- [restartedMain] o.f.c.i.database.base.BaseDatabaseType   : Database: jdbc:mysql://localhost/edtech (MySQL 8.0)
2022-11-02 19:02:02.222  INFO 18772 --- [restartedMain] o.f.core.internal.command.DbValidate     : Successfully validated 7 migrations (execution time 00:00.010s)
2022-11-02 19:02:02.232  INFO 18772 --- [restartedMain] o.f.core.internal.command.DbMigrate      : Current version of schema `edtech`: 007
2022-11-02 19:02:02.233  INFO 18772 --- [restartedMain] o.f.core.internal.command.DbMigrate      : Schema `edtech` is up to date. No migration necessary.
2022-11-02 19:02:02.249  INFO 18772 --- [restartedMain] o.hibernate.jpa.internal.util.LogHelper  : HHH000204: Processing PersistenceUnitInfo [name: default]
2022-11-02 19:02:02.253  INFO 18772 --- [restartedMain] org.hibernate.dialect.Dialect            : HHH000400: Using dialect: org.hibernate.dialect.MySQL8Dialect
2022-11-02 19:02:02.298  INFO 18772 --- [restartedMain] o.h.e.t.j.p.i.JtaPlatformInitiator       : HHH000490: Using JtaPlatform implementation: [org.hibernate.engine.transaction.jta.platform.internal.NoJtaPlatform]
2022-11-02 19:02:02.298  INFO 18772 --- [restartedMain] j.LocalContainerEntityManagerFactoryBean : Initialized JPA EntityManagerFactory for persistence unit 'default'
2022-11-02 19:02:02.423  WARN 18772 --- [restartedMain] JpaBaseConfiguration$JpaWebConfiguration : spring.jpa.open-in-view is enabled by default. Therefore, database queries may be performed during view rendering. Explicitly configure spring.jpa.open-in-view to disable this warning
2022-11-02 19:02:02.491  INFO 18772 --- [restartedMain] o.s.b.d.a.OptionalLiveReloadServer       : LiveReload server is running on port 35729
2022-11-02 19:02:02.500  INFO 18772 --- [restartedMain] o.s.b.w.embedded.tomcat.TomcatWebServer  : Tomcat started on port(s): 8080 (http) with context path ''
2022-11-02 19:02:02.503  INFO 18772 --- [restartedMain] com.edtech_api.EdtechApplication         : Started EdtechApplication in 0.636 seconds (JVM running for 1065.8)
2022-11-02 19:02:02.503  INFO 18772 --- [restartedMain] .ConditionEvaluationDeltaLoggingListener : Condition evaluation unchanged
2022-11-02 19:02:05.038  INFO 18772 --- [http-nio-8080-exec-2] o.a.c.c.C.[Tomcat].[localhost].[/]       : Initializing Spring DispatcherServlet 'dispatcherServlet'
2022-11-02 19:02:05.039  INFO 18772 --- [http-nio-8080-exec-2] o.s.web.servlet.DispatcherServlet        : Initializing Servlet 'dispatcherServlet'
2022-11-02 19:02:05.039  INFO 18772 --- [http-nio-8080-exec-2] o.s.web.servlet.DispatcherServlet        : Completed initialization in 0 ms
2022-11-02 19:02:05.051  INFO 18772 --- [http-nio-8080-exec-2] c.e.api.controller.CarreiraController    : GET buscar de carreria by id: 1 - Realizado com sucesso!
2022-11-02 19:02:15.102  INFO 18772 --- [RMI TCP Connection(43)-127.0.0.1] inMXBeanRegistrar$SpringApplicationAdmin : Application shutdown requested.
2022-11-02 19:02:15.112  INFO 18772 --- [RMI TCP Connection(43)-127.0.0.1] o.apache.catalina.core.StandardService   : Stopping service [Tomcat]
2022-11-02 19:02:15.113  INFO 18772 --- [RMI TCP Connection(43)-127.0.0.1] o.a.c.c.C.[Tomcat].[localhost].[/]       : Destroying Spring FrameworkServlet 'dispatcherServlet'
2022-11-02 19:02:15.117  INFO 18772 --- [RMI TCP Connection(43)-127.0.0.1] j.LocalContainerEntityManagerFactoryBean : Closing JPA EntityManagerFactory for persistence unit 'default'
2022-11-02 19:02:15.117  INFO 18772 --- [RMI TCP Connection(43)-127.0.0.1] com.zaxxer.hikari.HikariDataSource       : HikariPool-6 - Shutdown initiated...
2022-11-02 19:02:15.124  INFO 18772 --- [RMI TCP Connection(43)-127.0.0.1] com.zaxxer.hikari.HikariDataSource       : HikariPool-6 - Shutdown completed.
2022-11-02 19:02:54.509  INFO 15384 --- [restartedMain] com.edtech_api.EdtechApplication         : Starting EdtechApplication using Java 17.0.4.1 on PC_lucas with PID 15384 (C:\Users\lucas\Documents\Cursos\soulCode_bootcampJavaFullStack\projetoFinal_Refatorado\api\edtech\target\classes started by lucas in C:\Users\lucas\Documents\Cursos\soulCode_bootcampJavaFullStack\projetoFinal_Refatorado\api\edtech)
2022-11-02 19:02:54.511  INFO 15384 --- [restartedMain] com.edtech_api.EdtechApplication         : No active profile set, falling back to 1 default profile: "default"
2022-11-02 19:02:54.556  INFO 15384 --- [restartedMain] .e.DevToolsPropertyDefaultsPostProcessor : Devtools property defaults active! Set 'spring.devtools.add-properties' to 'false' to disable
2022-11-02 19:02:54.556  INFO 15384 --- [restartedMain] .e.DevToolsPropertyDefaultsPostProcessor : For additional web related logging consider setting the 'logging.level.web' property to 'DEBUG'
2022-11-02 19:02:55.128  INFO 15384 --- [restartedMain] .s.d.r.c.RepositoryConfigurationDelegate : Bootstrapping Spring Data JPA repositories in DEFAULT mode.
2022-11-02 19:02:55.189  INFO 15384 --- [restartedMain] .s.d.r.c.RepositoryConfigurationDelegate : Finished Spring Data repository scanning in 51 ms. Found 5 JPA repository interfaces.
2022-11-02 19:02:55.742  INFO 15384 --- [restartedMain] o.s.b.w.embedded.tomcat.TomcatWebServer  : Tomcat initialized with port(s): 8080 (http)
2022-11-02 19:02:55.752  INFO 15384 --- [restartedMain] o.apache.catalina.core.StandardService   : Starting service [Tomcat]
2022-11-02 19:02:55.752  INFO 15384 --- [restartedMain] org.apache.catalina.core.StandardEngine  : Starting Servlet engine: [Apache Tomcat/9.0.65]
2022-11-02 19:02:55.814  INFO 15384 --- [restartedMain] o.a.c.c.C.[Tomcat].[localhost].[/]       : Initializing Spring embedded WebApplicationContext
2022-11-02 19:02:55.814  INFO 15384 --- [restartedMain] w.s.c.ServletWebServerApplicationContext : Root WebApplicationContext: initialization completed in 1257 ms
2022-11-02 19:02:55.933  INFO 15384 --- [restartedMain] o.f.c.internal.license.VersionPrinter    : Flyway Community Edition 8.5.13 by Redgate
2022-11-02 19:02:55.933  INFO 15384 --- [restartedMain] o.f.c.internal.license.VersionPrinter    : See what's new here: https://flywaydb.org/documentation/learnmore/releaseNotes#8.5.13
2022-11-02 19:02:55.933  INFO 15384 --- [restartedMain] o.f.c.internal.license.VersionPrinter    : 
2022-11-02 19:02:55.941  INFO 15384 --- [restartedMain] com.zaxxer.hikari.HikariDataSource       : HikariPool-1 - Starting...
2022-11-02 19:02:56.221  INFO 15384 --- [restartedMain] com.zaxxer.hikari.HikariDataSource       : HikariPool-1 - Start completed.
2022-11-02 19:02:56.253  INFO 15384 --- [restartedMain] o.f.c.i.database.base.BaseDatabaseType   : Database: jdbc:mysql://localhost/edtech (MySQL 8.0)
2022-11-02 19:02:56.306  INFO 15384 --- [restartedMain] o.f.core.internal.command.DbValidate     : Successfully validated 7 migrations (execution time 00:00.025s)
2022-11-02 19:02:56.325  INFO 15384 --- [restartedMain] o.f.core.internal.command.DbMigrate      : Current version of schema `edtech`: 007
2022-11-02 19:02:56.327  INFO 15384 --- [restartedMain] o.f.core.internal.command.DbMigrate      : Schema `edtech` is up to date. No migration necessary.
2022-11-02 19:02:56.407  INFO 15384 --- [restartedMain] o.hibernate.jpa.internal.util.LogHelper  : HHH000204: Processing PersistenceUnitInfo [name: default]
2022-11-02 19:02:56.450  INFO 15384 --- [restartedMain] org.hibernate.Version                    : HHH000412: Hibernate ORM core version 5.6.11.Final
2022-11-02 19:02:56.595  INFO 15384 --- [restartedMain] o.hibernate.annotations.common.Version   : HCANN000001: Hibernate Commons Annotations {5.1.2.Final}
2022-11-02 19:02:56.696  INFO 15384 --- [restartedMain] org.hibernate.dialect.Dialect            : HHH000400: Using dialect: org.hibernate.dialect.MySQL8Dialect
2022-11-02 19:02:57.250  INFO 15384 --- [restartedMain] o.h.e.t.j.p.i.JtaPlatformInitiator       : HHH000490: Using JtaPlatform implementation: [org.hibernate.engine.transaction.jta.platform.internal.NoJtaPlatform]
2022-11-02 19:02:57.256  INFO 15384 --- [restartedMain] j.LocalContainerEntityManagerFactoryBean : Initialized JPA EntityManagerFactory for persistence unit 'default'
2022-11-02 19:02:57.657  WARN 15384 --- [restartedMain] JpaBaseConfiguration$JpaWebConfiguration : spring.jpa.open-in-view is enabled by default. Therefore, database queries may be performed during view rendering. Explicitly configure spring.jpa.open-in-view to disable this warning
2022-11-02 19:02:57.922  INFO 15384 --- [restartedMain] o.s.b.d.a.OptionalLiveReloadServer       : LiveReload server is running on port 35729
2022-11-02 19:02:57.957  INFO 15384 --- [restartedMain] o.s.b.w.embedded.tomcat.TomcatWebServer  : Tomcat started on port(s): 8080 (http) with context path ''
2022-11-02 19:02:57.966  INFO 15384 --- [restartedMain] com.edtech_api.EdtechApplication         : Started EdtechApplication in 3.79 seconds (JVM running for 4.4)
2022-11-02 19:03:01.279  INFO 15384 --- [http-nio-8080-exec-3] o.a.c.c.C.[Tomcat].[localhost].[/]       : Initializing Spring DispatcherServlet 'dispatcherServlet'
2022-11-02 19:03:01.280  INFO 15384 --- [http-nio-8080-exec-3] o.s.web.servlet.DispatcherServlet        : Initializing Servlet 'dispatcherServlet'
2022-11-02 19:03:01.281  INFO 15384 --- [http-nio-8080-exec-3] o.s.web.servlet.DispatcherServlet        : Completed initialization in 1 ms
2022-11-02 19:03:01.384  INFO 15384 --- [http-nio-8080-exec-3] c.e.api.controller.CarreiraController    : GET buscar de carreria by id: 1 - Realizado com sucesso!
2022-11-02 19:03:20.599  INFO 15384 --- [http-nio-8080-exec-2] c.e.api.controller.CarreiraController    : GET listar todas carreiras - Realizado com sucesso!
2022-11-02 19:04:08.862  INFO 15384 --- [File Watcher] rtingClassPathChangeChangedEventListener : Restarting due to 1 class path change (0 additions, 0 deletions, 1 modification)
2022-11-02 19:04:08.872  INFO 15384 --- [Thread-5] o.apache.catalina.core.StandardService   : Stopping service [Tomcat]
2022-11-02 19:04:08.873  INFO 15384 --- [Thread-5] o.a.c.c.C.[Tomcat].[localhost].[/]       : Destroying Spring FrameworkServlet 'dispatcherServlet'
2022-11-02 19:04:08.881  INFO 15384 --- [Thread-5] j.LocalContainerEntityManagerFactoryBean : Closing JPA EntityManagerFactory for persistence unit 'default'
2022-11-02 19:04:08.883  INFO 15384 --- [Thread-5] com.zaxxer.hikari.HikariDataSource       : HikariPool-1 - Shutdown initiated...
2022-11-02 19:04:08.892  INFO 15384 --- [Thread-5] com.zaxxer.hikari.HikariDataSource       : HikariPool-1 - Shutdown completed.
2022-11-02 19:04:08.952  INFO 15384 --- [restartedMain] com.edtech_api.EdtechApplication         : Starting EdtechApplication using Java 17.0.4.1 on PC_lucas with PID 15384 (C:\Users\lucas\Documents\Cursos\soulCode_bootcampJavaFullStack\projetoFinal_Refatorado\api\edtech\target\classes started by lucas in C:\Users\lucas\Documents\Cursos\soulCode_bootcampJavaFullStack\projetoFinal_Refatorado\api\edtech)
2022-11-02 19:04:08.952  INFO 15384 --- [restartedMain] com.edtech_api.EdtechApplication         : No active profile set, falling back to 1 default profile: "default"
2022-11-02 19:04:09.095  INFO 15384 --- [restartedMain] .s.d.r.c.RepositoryConfigurationDelegate : Bootstrapping Spring Data JPA repositories in DEFAULT mode.
2022-11-02 19:04:09.115  INFO 15384 --- [restartedMain] .s.d.r.c.RepositoryConfigurationDelegate : Finished Spring Data repository scanning in 18 ms. Found 5 JPA repository interfaces.
2022-11-02 19:04:09.193  INFO 15384 --- [restartedMain] o.s.b.w.embedded.tomcat.TomcatWebServer  : Tomcat initialized with port(s): 8080 (http)
2022-11-02 19:04:09.193  INFO 15384 --- [restartedMain] o.apache.catalina.core.StandardService   : Starting service [Tomcat]
2022-11-02 19:04:09.193  INFO 15384 --- [restartedMain] org.apache.catalina.core.StandardEngine  : Starting Servlet engine: [Apache Tomcat/9.0.65]
2022-11-02 19:04:09.205  INFO 15384 --- [restartedMain] o.a.c.c.C.[Tomcat].[localhost].[/]       : Initializing Spring embedded WebApplicationContext
2022-11-02 19:04:09.205  INFO 15384 --- [restartedMain] w.s.c.ServletWebServerApplicationContext : Root WebApplicationContext: initialization completed in 251 ms
2022-11-02 19:04:09.231  INFO 15384 --- [restartedMain] o.f.c.internal.license.VersionPrinter    : Flyway Community Edition 8.5.13 by Redgate
2022-11-02 19:04:09.231  INFO 15384 --- [restartedMain] o.f.c.internal.license.VersionPrinter    : See what's new here: https://flywaydb.org/documentation/learnmore/releaseNotes#8.5.13
2022-11-02 19:04:09.231  INFO 15384 --- [restartedMain] o.f.c.internal.license.VersionPrinter    : 
2022-11-02 19:04:09.232  INFO 15384 --- [restartedMain] com.zaxxer.hikari.HikariDataSource       : HikariPool-2 - Starting...
2022-11-02 19:04:09.294  INFO 15384 --- [restartedMain] com.zaxxer.hikari.HikariDataSource       : HikariPool-2 - Start completed.
2022-11-02 19:04:09.295  INFO 15384 --- [restartedMain] o.f.c.i.database.base.BaseDatabaseType   : Database: jdbc:mysql://localhost/edtech (MySQL 8.0)
2022-11-02 19:04:09.316  INFO 15384 --- [restartedMain] o.f.core.internal.command.DbValidate     : Successfully validated 7 migrations (execution time 00:00.010s)
2022-11-02 19:04:09.328  INFO 15384 --- [restartedMain] o.f.core.internal.command.DbMigrate      : Current version of schema `edtech`: 007
2022-11-02 19:04:09.330  INFO 15384 --- [restartedMain] o.f.core.internal.command.DbMigrate      : Schema `edtech` is up to date. No migration necessary.
2022-11-02 19:04:09.347  INFO 15384 --- [restartedMain] o.hibernate.jpa.internal.util.LogHelper  : HHH000204: Processing PersistenceUnitInfo [name: default]
2022-11-02 19:04:09.350  INFO 15384 --- [restartedMain] org.hibernate.dialect.Dialect            : HHH000400: Using dialect: org.hibernate.dialect.MySQL8Dialect
2022-11-02 19:04:09.408  INFO 15384 --- [restartedMain] o.h.e.t.j.p.i.JtaPlatformInitiator       : HHH000490: Using JtaPlatform implementation: [org.hibernate.engine.transaction.jta.platform.internal.NoJtaPlatform]
2022-11-02 19:04:09.409  INFO 15384 --- [restartedMain] j.LocalContainerEntityManagerFactoryBean : Initialized JPA EntityManagerFactory for persistence unit 'default'
2022-11-02 19:04:09.539  WARN 15384 --- [restartedMain] JpaBaseConfiguration$JpaWebConfiguration : spring.jpa.open-in-view is enabled by default. Therefore, database queries may be performed during view rendering. Explicitly configure spring.jpa.open-in-view to disable this warning
2022-11-02 19:04:09.608  INFO 15384 --- [restartedMain] o.s.b.d.a.OptionalLiveReloadServer       : LiveReload server is running on port 35729
2022-11-02 19:04:09.618  INFO 15384 --- [restartedMain] o.s.b.w.embedded.tomcat.TomcatWebServer  : Tomcat started on port(s): 8080 (http) with context path ''
2022-11-02 19:04:09.621  INFO 15384 --- [restartedMain] com.edtech_api.EdtechApplication         : Started EdtechApplication in 0.692 seconds (JVM running for 76.055)
2022-11-02 19:04:09.622  INFO 15384 --- [restartedMain] .ConditionEvaluationDeltaLoggingListener : Condition evaluation unchanged
2022-11-02 19:04:23.304  INFO 15384 --- [File Watcher] rtingClassPathChangeChangedEventListener : Restarting due to 1 class path change (0 additions, 0 deletions, 1 modification)
2022-11-02 19:04:23.312  INFO 15384 --- [Thread-7] o.apache.catalina.core.StandardService   : Stopping service [Tomcat]
2022-11-02 19:04:23.316  INFO 15384 --- [Thread-7] j.LocalContainerEntityManagerFactoryBean : Closing JPA EntityManagerFactory for persistence unit 'default'
2022-11-02 19:04:23.317  INFO 15384 --- [Thread-7] com.zaxxer.hikari.HikariDataSource       : HikariPool-2 - Shutdown initiated...
2022-11-02 19:04:23.324  INFO 15384 --- [Thread-7] com.zaxxer.hikari.HikariDataSource       : HikariPool-2 - Shutdown completed.
2022-11-02 19:04:23.381  INFO 15384 --- [restartedMain] com.edtech_api.EdtechApplication         : Starting EdtechApplication using Java 17.0.4.1 on PC_lucas with PID 15384 (C:\Users\lucas\Documents\Cursos\soulCode_bootcampJavaFullStack\projetoFinal_Refatorado\api\edtech\target\classes started by lucas in C:\Users\lucas\Documents\Cursos\soulCode_bootcampJavaFullStack\projetoFinal_Refatorado\api\edtech)
2022-11-02 19:04:23.382  INFO 15384 --- [restartedMain] com.edtech_api.EdtechApplication         : No active profile set, falling back to 1 default profile: "default"
2022-11-02 19:04:23.520  INFO 15384 --- [restartedMain] .s.d.r.c.RepositoryConfigurationDelegate : Bootstrapping Spring Data JPA repositories in DEFAULT mode.
2022-11-02 19:04:23.538  INFO 15384 --- [restartedMain] .s.d.r.c.RepositoryConfigurationDelegate : Finished Spring Data repository scanning in 17 ms. Found 5 JPA repository interfaces.
2022-11-02 19:04:23.607  INFO 15384 --- [restartedMain] o.s.b.w.embedded.tomcat.TomcatWebServer  : Tomcat initialized with port(s): 8080 (http)
2022-11-02 19:04:23.608  INFO 15384 --- [restartedMain] o.apache.catalina.core.StandardService   : Starting service [Tomcat]
2022-11-02 19:04:23.608  INFO 15384 --- [restartedMain] org.apache.catalina.core.StandardEngine  : Starting Servlet engine: [Apache Tomcat/9.0.65]
2022-11-02 19:04:23.622  INFO 15384 --- [restartedMain] o.a.c.c.C.[Tomcat].[localhost].[/]       : Initializing Spring embedded WebApplicationContext
2022-11-02 19:04:23.623  INFO 15384 --- [restartedMain] w.s.c.ServletWebServerApplicationContext : Root WebApplicationContext: initialization completed in 240 ms
2022-11-02 19:04:23.645  INFO 15384 --- [restartedMain] o.f.c.internal.license.VersionPrinter    : Flyway Community Edition 8.5.13 by Redgate
2022-11-02 19:04:23.645  INFO 15384 --- [restartedMain] o.f.c.internal.license.VersionPrinter    : See what's new here: https://flywaydb.org/documentation/learnmore/releaseNotes#8.5.13
2022-11-02 19:04:23.645  INFO 15384 --- [restartedMain] o.f.c.internal.license.VersionPrinter    : 
2022-11-02 19:04:23.646  INFO 15384 --- [restartedMain] com.zaxxer.hikari.HikariDataSource       : HikariPool-3 - Starting...
2022-11-02 19:04:23.706  INFO 15384 --- [restartedMain] com.zaxxer.hikari.HikariDataSource       : HikariPool-3 - Start completed.
2022-11-02 19:04:23.707  INFO 15384 --- [restartedMain] o.f.c.i.database.base.BaseDatabaseType   : Database: jdbc:mysql://localhost/edtech (MySQL 8.0)
2022-11-02 19:04:23.734  INFO 15384 --- [restartedMain] o.f.core.internal.command.DbValidate     : Successfully validated 7 migrations (execution time 00:00.012s)
2022-11-02 19:04:23.747  INFO 15384 --- [restartedMain] o.f.core.internal.command.DbMigrate      : Current version of schema `edtech`: 007
2022-11-02 19:04:23.749  INFO 15384 --- [restartedMain] o.f.core.internal.command.DbMigrate      : Schema `edtech` is up to date. No migration necessary.
2022-11-02 19:04:23.766  INFO 15384 --- [restartedMain] o.hibernate.jpa.internal.util.LogHelper  : HHH000204: Processing PersistenceUnitInfo [name: default]
2022-11-02 19:04:23.770  INFO 15384 --- [restartedMain] org.hibernate.dialect.Dialect            : HHH000400: Using dialect: org.hibernate.dialect.MySQL8Dialect
2022-11-02 19:04:23.824  INFO 15384 --- [restartedMain] o.h.e.t.j.p.i.JtaPlatformInitiator       : HHH000490: Using JtaPlatform implementation: [org.hibernate.engine.transaction.jta.platform.internal.NoJtaPlatform]
2022-11-02 19:04:23.825  INFO 15384 --- [restartedMain] j.LocalContainerEntityManagerFactoryBean : Initialized JPA EntityManagerFactory for persistence unit 'default'
2022-11-02 19:04:23.950  WARN 15384 --- [restartedMain] JpaBaseConfiguration$JpaWebConfiguration : spring.jpa.open-in-view is enabled by default. Therefore, database queries may be performed during view rendering. Explicitly configure spring.jpa.open-in-view to disable this warning
2022-11-02 19:04:24.018  INFO 15384 --- [restartedMain] o.s.b.d.a.OptionalLiveReloadServer       : LiveReload server is running on port 35729
2022-11-02 19:04:24.028  INFO 15384 --- [restartedMain] o.s.b.w.embedded.tomcat.TomcatWebServer  : Tomcat started on port(s): 8080 (http) with context path ''
2022-11-02 19:04:24.030  INFO 15384 --- [restartedMain] com.edtech_api.EdtechApplication         : Started EdtechApplication in 0.669 seconds (JVM running for 90.465)
2022-11-02 19:04:24.032  INFO 15384 --- [restartedMain] .ConditionEvaluationDeltaLoggingListener : Condition evaluation unchanged
2022-11-02 19:13:52.931  INFO 15384 --- [File Watcher] rtingClassPathChangeChangedEventListener : Restarting due to 1 class path change (0 additions, 0 deletions, 1 modification)
2022-11-02 19:13:52.942  INFO 15384 --- [Thread-11] o.apache.catalina.core.StandardService   : Stopping service [Tomcat]
2022-11-02 19:13:52.946  INFO 15384 --- [Thread-11] j.LocalContainerEntityManagerFactoryBean : Closing JPA EntityManagerFactory for persistence unit 'default'
2022-11-02 19:13:52.946  INFO 15384 --- [Thread-11] com.zaxxer.hikari.HikariDataSource       : HikariPool-3 - Shutdown initiated...
2022-11-02 19:13:52.953  INFO 15384 --- [Thread-11] com.zaxxer.hikari.HikariDataSource       : HikariPool-3 - Shutdown completed.
2022-11-02 19:13:53.014  INFO 15384 --- [restartedMain] com.edtech_api.EdtechApplication         : Starting EdtechApplication using Java 17.0.4.1 on PC_lucas with PID 15384 (C:\Users\lucas\Documents\Cursos\soulCode_bootcampJavaFullStack\projetoFinal_Refatorado\api\edtech\target\classes started by lucas in C:\Users\lucas\Documents\Cursos\soulCode_bootcampJavaFullStack\projetoFinal_Refatorado\api\edtech)
2022-11-02 19:13:53.014  INFO 15384 --- [restartedMain] com.edtech_api.EdtechApplication         : No active profile set, falling back to 1 default profile: "default"
2022-11-02 19:13:53.163  INFO 15384 --- [restartedMain] .s.d.r.c.RepositoryConfigurationDelegate : Bootstrapping Spring Data JPA repositories in DEFAULT mode.
2022-11-02 19:13:53.184  INFO 15384 --- [restartedMain] .s.d.r.c.RepositoryConfigurationDelegate : Finished Spring Data repository scanning in 20 ms. Found 5 JPA repository interfaces.
2022-11-02 19:13:53.262  INFO 15384 --- [restartedMain] o.s.b.w.embedded.tomcat.TomcatWebServer  : Tomcat initialized with port(s): 8080 (http)
2022-11-02 19:13:53.263  INFO 15384 --- [restartedMain] o.apache.catalina.core.StandardService   : Starting service [Tomcat]
2022-11-02 19:13:53.263  INFO 15384 --- [restartedMain] org.apache.catalina.core.StandardEngine  : Starting Servlet engine: [Apache Tomcat/9.0.65]
2022-11-02 19:13:53.275  INFO 15384 --- [restartedMain] o.a.c.c.C.[Tomcat].[localhost].[/]       : Initializing Spring embedded WebApplicationContext
2022-11-02 19:13:53.275  INFO 15384 --- [restartedMain] w.s.c.ServletWebServerApplicationContext : Root WebApplicationContext: initialization completed in 259 ms
2022-11-02 19:13:53.303  INFO 15384 --- [restartedMain] o.f.c.internal.license.VersionPrinter    : Flyway Community Edition 8.5.13 by Redgate
2022-11-02 19:13:53.303  INFO 15384 --- [restartedMain] o.f.c.internal.license.VersionPrinter    : See what's new here: https://flywaydb.org/documentation/learnmore/releaseNotes#8.5.13
2022-11-02 19:13:53.303  INFO 15384 --- [restartedMain] o.f.c.internal.license.VersionPrinter    : 
2022-11-02 19:13:53.304  INFO 15384 --- [restartedMain] com.zaxxer.hikari.HikariDataSource       : HikariPool-4 - Starting...
2022-11-02 19:13:53.365  INFO 15384 --- [restartedMain] com.zaxxer.hikari.HikariDataSource       : HikariPool-4 - Start completed.
2022-11-02 19:13:53.367  INFO 15384 --- [restartedMain] o.f.c.i.database.base.BaseDatabaseType   : Database: jdbc:mysql://localhost/edtech (MySQL 8.0)
2022-11-02 19:13:53.397  INFO 15384 --- [restartedMain] o.f.core.internal.command.DbValidate     : Successfully validated 7 migrations (execution time 00:00.012s)
2022-11-02 19:13:53.409  INFO 15384 --- [restartedMain] o.f.core.internal.command.DbMigrate      : Current version of schema `edtech`: 007
2022-11-02 19:13:53.411  INFO 15384 --- [restartedMain] o.f.core.internal.command.DbMigrate      : Schema `edtech` is up to date. No migration necessary.
2022-11-02 19:13:53.427  INFO 15384 --- [restartedMain] o.hibernate.jpa.internal.util.LogHelper  : HHH000204: Processing PersistenceUnitInfo [name: default]
2022-11-02 19:13:53.432  INFO 15384 --- [restartedMain] org.hibernate.dialect.Dialect            : HHH000400: Using dialect: org.hibernate.dialect.MySQL8Dialect
2022-11-02 19:13:53.480  INFO 15384 --- [restartedMain] o.h.e.t.j.p.i.JtaPlatformInitiator       : HHH000490: Using JtaPlatform implementation: [org.hibernate.engine.transaction.jta.platform.internal.NoJtaPlatform]
2022-11-02 19:13:53.480  INFO 15384 --- [restartedMain] j.LocalContainerEntityManagerFactoryBean : Initialized JPA EntityManagerFactory for persistence unit 'default'
2022-11-02 19:13:53.615  WARN 15384 --- [restartedMain] JpaBaseConfiguration$JpaWebConfiguration : spring.jpa.open-in-view is enabled by default. Therefore, database queries may be performed during view rendering. Explicitly configure spring.jpa.open-in-view to disable this warning
2022-11-02 19:13:53.696  INFO 15384 --- [restartedMain] o.s.b.d.a.OptionalLiveReloadServer       : LiveReload server is running on port 35729
2022-11-02 19:13:53.706  INFO 15384 --- [restartedMain] o.s.b.w.embedded.tomcat.TomcatWebServer  : Tomcat started on port(s): 8080 (http) with context path ''
2022-11-02 19:13:53.708  INFO 15384 --- [restartedMain] com.edtech_api.EdtechApplication         : Started EdtechApplication in 0.718 seconds (JVM running for 660.143)
2022-11-02 19:13:53.711  INFO 15384 --- [restartedMain] .ConditionEvaluationDeltaLoggingListener : Condition evaluation unchanged
2022-11-02 19:14:00.170  INFO 15384 --- [http-nio-8080-exec-3] o.a.c.c.C.[Tomcat].[localhost].[/]       : Initializing Spring DispatcherServlet 'dispatcherServlet'
2022-11-02 19:14:00.171  INFO 15384 --- [http-nio-8080-exec-3] o.s.web.servlet.DispatcherServlet        : Initializing Servlet 'dispatcherServlet'
2022-11-02 19:14:00.171  INFO 15384 --- [http-nio-8080-exec-3] o.s.web.servlet.DispatcherServlet        : Completed initialization in 0 ms
2022-11-02 19:14:00.182  INFO 15384 --- [http-nio-8080-exec-3] c.e.api.controller.CarreiraController    : GET CARREIRAS - buscar de carreria by id: 1 - Realizado com sucesso!
2022-11-02 19:14:03.367  WARN 15384 --- [http-nio-8080-exec-4] .m.m.a.ExceptionHandlerExceptionResolver : Resolved [RecursoNaoEncontrado =EdtechException =com.edtech_api.domain.exceptions.RecursoNaoEncontrado: Carreira não econtrado ou não existente!]
2022-11-02 19:14:30.826  INFO 15384 --- [File Watcher] rtingClassPathChangeChangedEventListener : Restarting due to 1 class path change (0 additions, 0 deletions, 1 modification)
2022-11-02 19:14:30.855  INFO 15384 --- [Thread-15] o.apache.catalina.core.StandardService   : Stopping service [Tomcat]
2022-11-02 19:14:30.856  INFO 15384 --- [Thread-15] o.a.c.c.C.[Tomcat].[localhost].[/]       : Destroying Spring FrameworkServlet 'dispatcherServlet'
2022-11-02 19:14:30.860  INFO 15384 --- [Thread-15] j.LocalContainerEntityManagerFactoryBean : Closing JPA EntityManagerFactory for persistence unit 'default'
2022-11-02 19:14:30.860  INFO 15384 --- [Thread-15] com.zaxxer.hikari.HikariDataSource       : HikariPool-4 - Shutdown initiated...
2022-11-02 19:14:30.869  INFO 15384 --- [Thread-15] com.zaxxer.hikari.HikariDataSource       : HikariPool-4 - Shutdown completed.
2022-11-02 19:14:30.926  INFO 15384 --- [restartedMain] com.edtech_api.EdtechApplication         : Starting EdtechApplication using Java 17.0.4.1 on PC_lucas with PID 15384 (C:\Users\lucas\Documents\Cursos\soulCode_bootcampJavaFullStack\projetoFinal_Refatorado\api\edtech\target\classes started by lucas in C:\Users\lucas\Documents\Cursos\soulCode_bootcampJavaFullStack\projetoFinal_Refatorado\api\edtech)
2022-11-02 19:14:30.926  INFO 15384 --- [restartedMain] com.edtech_api.EdtechApplication         : No active profile set, falling back to 1 default profile: "default"
2022-11-02 19:14:31.056  INFO 15384 --- [restartedMain] .s.d.r.c.RepositoryConfigurationDelegate : Bootstrapping Spring Data JPA repositories in DEFAULT mode.
2022-11-02 19:14:31.077  INFO 15384 --- [restartedMain] .s.d.r.c.RepositoryConfigurationDelegate : Finished Spring Data repository scanning in 20 ms. Found 5 JPA repository interfaces.
2022-11-02 19:14:31.140  INFO 15384 --- [restartedMain] o.s.b.w.embedded.tomcat.TomcatWebServer  : Tomcat initialized with port(s): 8080 (http)
2022-11-02 19:14:31.141  INFO 15384 --- [restartedMain] o.apache.catalina.core.StandardService   : Starting service [Tomcat]
2022-11-02 19:14:31.141  INFO 15384 --- [restartedMain] org.apache.catalina.core.StandardEngine  : Starting Servlet engine: [Apache Tomcat/9.0.65]
2022-11-02 19:14:31.152  INFO 15384 --- [restartedMain] o.a.c.c.C.[Tomcat].[localhost].[/]       : Initializing Spring embedded WebApplicationContext
2022-11-02 19:14:31.152  INFO 15384 --- [restartedMain] w.s.c.ServletWebServerApplicationContext : Root WebApplicationContext: initialization completed in 225 ms
2022-11-02 19:14:31.177  INFO 15384 --- [restartedMain] o.f.c.internal.license.VersionPrinter    : Flyway Community Edition 8.5.13 by Redgate
2022-11-02 19:14:31.177  INFO 15384 --- [restartedMain] o.f.c.internal.license.VersionPrinter    : See what's new here: https://flywaydb.org/documentation/learnmore/releaseNotes#8.5.13
2022-11-02 19:14:31.177  INFO 15384 --- [restartedMain] o.f.c.internal.license.VersionPrinter    : 
2022-11-02 19:14:31.178  INFO 15384 --- [restartedMain] com.zaxxer.hikari.HikariDataSource       : HikariPool-5 - Starting...
2022-11-02 19:14:31.236  INFO 15384 --- [restartedMain] com.zaxxer.hikari.HikariDataSource       : HikariPool-5 - Start completed.
2022-11-02 19:14:31.237  INFO 15384 --- [restartedMain] o.f.c.i.database.base.BaseDatabaseType   : Database: jdbc:mysql://localhost/edtech (MySQL 8.0)
2022-11-02 19:14:31.261  INFO 15384 --- [restartedMain] o.f.core.internal.command.DbValidate     : Successfully validated 7 migrations (execution time 00:00.012s)
2022-11-02 19:14:31.271  INFO 15384 --- [restartedMain] o.f.core.internal.command.DbMigrate      : Current version of schema `edtech`: 007
2022-11-02 19:14:31.272  INFO 15384 --- [restartedMain] o.f.core.internal.command.DbMigrate      : Schema `edtech` is up to date. No migration necessary.
2022-11-02 19:14:31.286  INFO 15384 --- [restartedMain] o.hibernate.jpa.internal.util.LogHelper  : HHH000204: Processing PersistenceUnitInfo [name: default]
2022-11-02 19:14:31.290  INFO 15384 --- [restartedMain] org.hibernate.dialect.Dialect            : HHH000400: Using dialect: org.hibernate.dialect.MySQL8Dialect
2022-11-02 19:14:31.332  INFO 15384 --- [restartedMain] o.h.e.t.j.p.i.JtaPlatformInitiator       : HHH000490: Using JtaPlatform implementation: [org.hibernate.engine.transaction.jta.platform.internal.NoJtaPlatform]
2022-11-02 19:14:31.334  INFO 15384 --- [restartedMain] j.LocalContainerEntityManagerFactoryBean : Initialized JPA EntityManagerFactory for persistence unit 'default'
2022-11-02 19:14:31.460  WARN 15384 --- [restartedMain] JpaBaseConfiguration$JpaWebConfiguration : spring.jpa.open-in-view is enabled by default. Therefore, database queries may be performed during view rendering. Explicitly configure spring.jpa.open-in-view to disable this warning
2022-11-02 19:14:31.530  INFO 15384 --- [restartedMain] o.s.b.d.a.OptionalLiveReloadServer       : LiveReload server is running on port 35729
2022-11-02 19:14:31.540  INFO 15384 --- [restartedMain] o.s.b.w.embedded.tomcat.TomcatWebServer  : Tomcat started on port(s): 8080 (http) with context path ''
2022-11-02 19:14:31.542  INFO 15384 --- [restartedMain] com.edtech_api.EdtechApplication         : Started EdtechApplication in 0.634 seconds (JVM running for 697.977)
2022-11-02 19:14:31.543  INFO 15384 --- [restartedMain] .ConditionEvaluationDeltaLoggingListener : Condition evaluation unchanged
2022-11-02 19:14:40.221  INFO 15384 --- [http-nio-8080-exec-2] o.a.c.c.C.[Tomcat].[localhost].[/]       : Initializing Spring DispatcherServlet 'dispatcherServlet'
2022-11-02 19:14:40.221  INFO 15384 --- [http-nio-8080-exec-2] o.s.web.servlet.DispatcherServlet        : Initializing Servlet 'dispatcherServlet'
2022-11-02 19:14:40.222  INFO 15384 --- [http-nio-8080-exec-2] o.s.web.servlet.DispatcherServlet        : Completed initialization in 1 ms
2022-11-02 19:14:40.238  WARN 15384 --- [http-nio-8080-exec-2] .m.m.a.ExceptionHandlerExceptionResolver : Resolved [RecursoNaoEncontrado =EdtechException =com.edtech_api.domain.exceptions.RecursoNaoEncontrado: Carreira não econtrada ou não existente!]
2022-11-02 19:15:06.861  INFO 15384 --- [http-nio-8080-exec-3] c.e.api.controller.CarreiraController    : GET CARREIRAS - buscar de carreria by id: 1 - Realizado com sucesso!
2022-11-02 19:15:09.364  INFO 15384 --- [http-nio-8080-exec-4] c.e.api.controller.CarreiraController    : GET CARREIRAS - listar todas carreiras - Realizado com sucesso!
2022-11-02 19:15:14.124  WARN 15384 --- [http-nio-8080-exec-5] .m.m.a.ExceptionHandlerExceptionResolver : Resolved [EdtechException =com.edtech_api.domain.exceptions.EdtechException: Já existe uma Carreira cadastrada com este nome, tente novamente!]
2022-11-02 19:16:06.862  INFO 15384 --- [http-nio-8080-exec-7] c.e.api.controller.CarreiraController    : PUT CARREIRA - carreira de id: 1 - Alterado com sucesso!
2022-11-02 19:16:16.154  INFO 15384 --- [http-nio-8080-exec-8] c.e.api.controller.CarreiraController    : GET CARREIRAS - listar todas carreiras - Realizado com sucesso!
2022-11-02 19:16:29.191  WARN 15384 --- [http-nio-8080-exec-9] .m.m.a.ExceptionHandlerExceptionResolver : Resolved [org.springframework.web.bind.MethodArgumentNotValidException: Validation failed for argument [1] in public org.springframework.http.ResponseEntity<com.edtech_api.api.dtos.outputs.CarreiraOutput> com.edtech_api.api.controller.CarreiraController.atualizar(java.lang.Long,com.edtech_api.api.dtos.inputs.CarreiraInput): [Field error in object 'carreiraInput' on field 'duracao': rejected value [null]; codes [NotNull.carreiraInput.duracao,NotNull.duracao,NotNull.java.lang.Integer,NotNull]; arguments [org.springframework.context.support.DefaultMessageSourceResolvable: codes [carreiraInput.duracao,duracao]; arguments []; default message [duracao]]; default message [não deve ser nulo]] ]
2022-11-02 19:16:37.946  WARN 15384 --- [http-nio-8080-exec-1] .m.m.a.ExceptionHandlerExceptionResolver : Resolved [org.springframework.web.bind.MethodArgumentNotValidException: Validation failed for argument [1] in public org.springframework.http.ResponseEntity<com.edtech_api.api.dtos.outputs.CarreiraOutput> com.edtech_api.api.controller.CarreiraController.atualizar(java.lang.Long,com.edtech_api.api.dtos.inputs.CarreiraInput): [Field error in object 'carreiraInput' on field 'nome': rejected value []; codes [NotBlank.carreiraInput.nome,NotBlank.nome,NotBlank.java.lang.String,NotBlank]; arguments [org.springframework.context.support.DefaultMessageSourceResolvable: codes [carreiraInput.nome,nome]; arguments []; default message [nome]]; default message [não deve estar em branco]] ]
2022-11-02 19:16:45.588  WARN 15384 --- [http-nio-8080-exec-3] .m.m.a.ExceptionHandlerExceptionResolver : Resolved [org.springframework.web.bind.MethodArgumentNotValidException: Validation failed for argument [1] in public org.springframework.http.ResponseEntity<com.edtech_api.api.dtos.outputs.CarreiraOutput> com.edtech_api.api.controller.CarreiraController.atualizar(java.lang.Long,com.edtech_api.api.dtos.inputs.CarreiraInput): [Field error in object 'carreiraInput' on field 'nome': rejected value [jkghsdgjkhsdfjkghdfjkhgjkdfhgjkhdfjkghdfjkghdfjkhgjkdfhgjkdfnvjkndfjkvneijhurehtndfgjnd]; codes [Size.carreiraInput.nome,Size.nome,Size.java.lang.String,Size]; arguments [org.springframework.context.support.DefaultMessageSourceResolvable: codes [carreiraInput.nome,nome]; arguments []; default message [nome],60,0]; default message [tamanho deve ser entre 0 e 60]] ]
2022-11-02 19:17:00.554  INFO 15384 --- [http-nio-8080-exec-5] c.e.api.controller.CarreiraController    : PUT CARREIRA - carreira de id: 1 - Alterado com sucesso!
2022-11-02 19:17:07.007 ERROR 15384 --- [http-nio-8080-exec-6] c.e.api.controller.CarreiraController    : PUT CARREIRA - atualizar carreira - ERRO carreira com o id: 3 não encontrado
2022-11-02 19:17:20.187  INFO 15384 --- [http-nio-8080-exec-7] c.e.api.controller.CarreiraController    : PUT CARREIRA - carreira de id: 1 - Alterado com sucesso!
2022-11-02 19:17:23.911  INFO 15384 --- [http-nio-8080-exec-8] c.e.api.controller.CarreiraController    : GET CARREIRAS - listar todas carreiras - Realizado com sucesso!
2022-11-02 19:21:17.447  INFO 15384 --- [File Watcher] rtingClassPathChangeChangedEventListener : Restarting due to 1 class path change (0 additions, 0 deletions, 1 modification)
2022-11-02 19:21:17.457  INFO 15384 --- [Thread-19] o.apache.catalina.core.StandardService   : Stopping service [Tomcat]
2022-11-02 19:21:17.458  INFO 15384 --- [Thread-19] o.a.c.c.C.[Tomcat].[localhost].[/]       : Destroying Spring FrameworkServlet 'dispatcherServlet'
2022-11-02 19:21:17.461  INFO 15384 --- [Thread-19] j.LocalContainerEntityManagerFactoryBean : Closing JPA EntityManagerFactory for persistence unit 'default'
2022-11-02 19:21:17.462  INFO 15384 --- [Thread-19] com.zaxxer.hikari.HikariDataSource       : HikariPool-5 - Shutdown initiated...
2022-11-02 19:21:17.469  INFO 15384 --- [Thread-19] com.zaxxer.hikari.HikariDataSource       : HikariPool-5 - Shutdown completed.
2022-11-02 19:21:17.529  INFO 15384 --- [restartedMain] com.edtech_api.EdtechApplication         : Starting EdtechApplication using Java 17.0.4.1 on PC_lucas with PID 15384 (C:\Users\lucas\Documents\Cursos\soulCode_bootcampJavaFullStack\projetoFinal_Refatorado\api\edtech\target\classes started by lucas in C:\Users\lucas\Documents\Cursos\soulCode_bootcampJavaFullStack\projetoFinal_Refatorado\api\edtech)
2022-11-02 19:21:17.529  INFO 15384 --- [restartedMain] com.edtech_api.EdtechApplication         : No active profile set, falling back to 1 default profile: "default"
2022-11-02 19:21:17.672  INFO 15384 --- [restartedMain] .s.d.r.c.RepositoryConfigurationDelegate : Bootstrapping Spring Data JPA repositories in DEFAULT mode.
2022-11-02 19:21:17.692  INFO 15384 --- [restartedMain] .s.d.r.c.RepositoryConfigurationDelegate : Finished Spring Data repository scanning in 20 ms. Found 5 JPA repository interfaces.
2022-11-02 19:21:17.768  INFO 15384 --- [restartedMain] o.s.b.w.embedded.tomcat.TomcatWebServer  : Tomcat initialized with port(s): 8080 (http)
2022-11-02 19:21:17.768  INFO 15384 --- [restartedMain] o.apache.catalina.core.StandardService   : Starting service [Tomcat]
2022-11-02 19:21:17.768  INFO 15384 --- [restartedMain] org.apache.catalina.core.StandardEngine  : Starting Servlet engine: [Apache Tomcat/9.0.65]
2022-11-02 19:21:17.783  INFO 15384 --- [restartedMain] o.a.c.c.C.[Tomcat].[localhost].[/]       : Initializing Spring embedded WebApplicationContext
2022-11-02 19:21:17.783  INFO 15384 --- [restartedMain] w.s.c.ServletWebServerApplicationContext : Root WebApplicationContext: initialization completed in 252 ms
2022-11-02 19:21:17.805  INFO 15384 --- [restartedMain] o.f.c.internal.license.VersionPrinter    : Flyway Community Edition 8.5.13 by Redgate
2022-11-02 19:21:17.805  INFO 15384 --- [restartedMain] o.f.c.internal.license.VersionPrinter    : See what's new here: https://flywaydb.org/documentation/learnmore/releaseNotes#8.5.13
2022-11-02 19:21:17.805  INFO 15384 --- [restartedMain] o.f.c.internal.license.VersionPrinter    : 
2022-11-02 19:21:17.807  INFO 15384 --- [restartedMain] com.zaxxer.hikari.HikariDataSource       : HikariPool-6 - Starting...
2022-11-02 19:21:17.863  INFO 15384 --- [restartedMain] com.zaxxer.hikari.HikariDataSource       : HikariPool-6 - Start completed.
2022-11-02 19:21:17.864  INFO 15384 --- [restartedMain] o.f.c.i.database.base.BaseDatabaseType   : Database: jdbc:mysql://localhost/edtech (MySQL 8.0)
2022-11-02 19:21:17.885  INFO 15384 --- [restartedMain] o.f.core.internal.command.DbValidate     : Successfully validated 7 migrations (execution time 00:00.010s)
2022-11-02 19:21:17.893  INFO 15384 --- [restartedMain] o.f.core.internal.command.DbMigrate      : Current version of schema `edtech`: 007
2022-11-02 19:21:17.894  INFO 15384 --- [restartedMain] o.f.core.internal.command.DbMigrate      : Schema `edtech` is up to date. No migration necessary.
2022-11-02 19:21:17.910  INFO 15384 --- [restartedMain] o.hibernate.jpa.internal.util.LogHelper  : HHH000204: Processing PersistenceUnitInfo [name: default]
2022-11-02 19:21:17.913  INFO 15384 --- [restartedMain] org.hibernate.dialect.Dialect            : HHH000400: Using dialect: org.hibernate.dialect.MySQL8Dialect
2022-11-02 19:21:17.956  INFO 15384 --- [restartedMain] o.h.e.t.j.p.i.JtaPlatformInitiator       : HHH000490: Using JtaPlatform implementation: [org.hibernate.engine.transaction.jta.platform.internal.NoJtaPlatform]
2022-11-02 19:21:17.957  INFO 15384 --- [restartedMain] j.LocalContainerEntityManagerFactoryBean : Initialized JPA EntityManagerFactory for persistence unit 'default'
2022-11-02 19:21:18.091  WARN 15384 --- [restartedMain] JpaBaseConfiguration$JpaWebConfiguration : spring.jpa.open-in-view is enabled by default. Therefore, database queries may be performed during view rendering. Explicitly configure spring.jpa.open-in-view to disable this warning
2022-11-02 19:21:18.173  INFO 15384 --- [restartedMain] o.s.b.d.a.OptionalLiveReloadServer       : LiveReload server is running on port 35729
2022-11-02 19:21:18.182  INFO 15384 --- [restartedMain] o.s.b.w.embedded.tomcat.TomcatWebServer  : Tomcat started on port(s): 8080 (http) with context path ''
2022-11-02 19:21:18.185  INFO 15384 --- [restartedMain] com.edtech_api.EdtechApplication         : Started EdtechApplication in 0.676 seconds (JVM running for 1104.62)
2022-11-02 19:21:18.186  INFO 15384 --- [restartedMain] .ConditionEvaluationDeltaLoggingListener : Condition evaluation unchanged
2022-11-02 19:22:11.935  INFO 15384 --- [http-nio-8080-exec-2] o.a.c.c.C.[Tomcat].[localhost].[/]       : Initializing Spring DispatcherServlet 'dispatcherServlet'
2022-11-02 19:22:11.935  INFO 15384 --- [http-nio-8080-exec-2] o.s.web.servlet.DispatcherServlet        : Initializing Servlet 'dispatcherServlet'
2022-11-02 19:22:11.936  INFO 15384 --- [http-nio-8080-exec-2] o.s.web.servlet.DispatcherServlet        : Completed initialization in 0 ms
2022-11-02 19:22:11.938  INFO 15384 --- [http-nio-8080-exec-2] c.e.api.controller.CarreiraController    : DELETE CARREIRAS - deleção de carreira by id: 3 - Realizado com sucesso!
2022-11-02 19:22:11.953  WARN 15384 --- [http-nio-8080-exec-2] .m.m.a.ExceptionHandlerExceptionResolver : Resolved [RecursoNaoEncontrado =EdtechException =com.edtech_api.domain.exceptions.RecursoNaoEncontrado: Carreira não encontrada ou não existente, tente novamente!]
2022-11-02 19:22:23.242  INFO 15384 --- [http-nio-8080-exec-3] c.e.api.controller.CarreiraController    : DELETE CARREIRAS - deleção de carreira by id: 2 - Realizado com sucesso!
2022-11-02 19:22:23.248  WARN 15384 --- [http-nio-8080-exec-3] .m.m.a.ExceptionHandlerExceptionResolver : Resolved [RecursoNaoEncontrado =EdtechException =com.edtech_api.domain.exceptions.RecursoNaoEncontrado: Carreira não encontrada ou não existente, tente novamente!]
2022-11-02 19:22:34.823  INFO 15384 --- [http-nio-8080-exec-4] c.e.api.controller.CarreiraController    : DELETE CARREIRAS - deleção de carreira by id: 1 - Realizado com sucesso!
2022-11-02 19:22:55.622  INFO 15384 --- [File Watcher] rtingClassPathChangeChangedEventListener : Restarting due to 1 class path change (0 additions, 0 deletions, 1 modification)
2022-11-02 19:22:55.651  INFO 15384 --- [Thread-23] o.apache.catalina.core.StandardService   : Stopping service [Tomcat]
2022-11-02 19:22:55.652  INFO 15384 --- [Thread-23] o.a.c.c.C.[Tomcat].[localhost].[/]       : Destroying Spring FrameworkServlet 'dispatcherServlet'
2022-11-02 19:22:55.655  INFO 15384 --- [Thread-23] j.LocalContainerEntityManagerFactoryBean : Closing JPA EntityManagerFactory for persistence unit 'default'
2022-11-02 19:22:55.656  INFO 15384 --- [Thread-23] com.zaxxer.hikari.HikariDataSource       : HikariPool-6 - Shutdown initiated...
2022-11-02 19:22:55.663  INFO 15384 --- [Thread-23] com.zaxxer.hikari.HikariDataSource       : HikariPool-6 - Shutdown completed.
2022-11-02 19:22:55.721  INFO 15384 --- [restartedMain] com.edtech_api.EdtechApplication         : Starting EdtechApplication using Java 17.0.4.1 on PC_lucas with PID 15384 (C:\Users\lucas\Documents\Cursos\soulCode_bootcampJavaFullStack\projetoFinal_Refatorado\api\edtech\target\classes started by lucas in C:\Users\lucas\Documents\Cursos\soulCode_bootcampJavaFullStack\projetoFinal_Refatorado\api\edtech)
2022-11-02 19:22:55.721  INFO 15384 --- [restartedMain] com.edtech_api.EdtechApplication         : No active profile set, falling back to 1 default profile: "default"
2022-11-02 19:22:55.845  INFO 15384 --- [restartedMain] .s.d.r.c.RepositoryConfigurationDelegate : Bootstrapping Spring Data JPA repositories in DEFAULT mode.
2022-11-02 19:22:55.864  INFO 15384 --- [restartedMain] .s.d.r.c.RepositoryConfigurationDelegate : Finished Spring Data repository scanning in 19 ms. Found 5 JPA repository interfaces.
2022-11-02 19:22:55.937  INFO 15384 --- [restartedMain] o.s.b.w.embedded.tomcat.TomcatWebServer  : Tomcat initialized with port(s): 8080 (http)
2022-11-02 19:22:55.938  INFO 15384 --- [restartedMain] o.apache.catalina.core.StandardService   : Starting service [Tomcat]
2022-11-02 19:22:55.938  INFO 15384 --- [restartedMain] org.apache.catalina.core.StandardEngine  : Starting Servlet engine: [Apache Tomcat/9.0.65]
2022-11-02 19:22:55.951  INFO 15384 --- [restartedMain] o.a.c.c.C.[Tomcat].[localhost].[/]       : Initializing Spring embedded WebApplicationContext
2022-11-02 19:22:55.951  INFO 15384 --- [restartedMain] w.s.c.ServletWebServerApplicationContext : Root WebApplicationContext: initialization completed in 228 ms
2022-11-02 19:22:55.976  INFO 15384 --- [restartedMain] o.f.c.internal.license.VersionPrinter    : Flyway Community Edition 8.5.13 by Redgate
2022-11-02 19:22:55.977  INFO 15384 --- [restartedMain] o.f.c.internal.license.VersionPrinter    : See what's new here: https://flywaydb.org/documentation/learnmore/releaseNotes#8.5.13
2022-11-02 19:22:55.977  INFO 15384 --- [restartedMain] o.f.c.internal.license.VersionPrinter    : 
2022-11-02 19:22:55.978  INFO 15384 --- [restartedMain] com.zaxxer.hikari.HikariDataSource       : HikariPool-7 - Starting...
2022-11-02 19:22:56.043  INFO 15384 --- [restartedMain] com.zaxxer.hikari.HikariDataSource       : HikariPool-7 - Start completed.
2022-11-02 19:22:56.044  INFO 15384 --- [restartedMain] o.f.c.i.database.base.BaseDatabaseType   : Database: jdbc:mysql://localhost/edtech (MySQL 8.0)
2022-11-02 19:22:56.066  INFO 15384 --- [restartedMain] o.f.core.internal.command.DbValidate     : Successfully validated 7 migrations (execution time 00:00.011s)
2022-11-02 19:22:56.075  INFO 15384 --- [restartedMain] o.f.core.internal.command.DbMigrate      : Current version of schema `edtech`: 007
2022-11-02 19:22:56.077  INFO 15384 --- [restartedMain] o.f.core.internal.command.DbMigrate      : Schema `edtech` is up to date. No migration necessary.
2022-11-02 19:22:56.092  INFO 15384 --- [restartedMain] o.hibernate.jpa.internal.util.LogHelper  : HHH000204: Processing PersistenceUnitInfo [name: default]
2022-11-02 19:22:56.096  INFO 15384 --- [restartedMain] org.hibernate.dialect.Dialect            : HHH000400: Using dialect: org.hibernate.dialect.MySQL8Dialect
2022-11-02 19:22:56.134  INFO 15384 --- [restartedMain] o.h.e.t.j.p.i.JtaPlatformInitiator       : HHH000490: Using JtaPlatform implementation: [org.hibernate.engine.transaction.jta.platform.internal.NoJtaPlatform]
2022-11-02 19:22:56.134  INFO 15384 --- [restartedMain] j.LocalContainerEntityManagerFactoryBean : Initialized JPA EntityManagerFactory for persistence unit 'default'
2022-11-02 19:22:56.256  WARN 15384 --- [restartedMain] JpaBaseConfiguration$JpaWebConfiguration : spring.jpa.open-in-view is enabled by default. Therefore, database queries may be performed during view rendering. Explicitly configure spring.jpa.open-in-view to disable this warning
2022-11-02 19:22:56.319  INFO 15384 --- [restartedMain] o.s.b.d.a.OptionalLiveReloadServer       : LiveReload server is running on port 35729
2022-11-02 19:22:56.328  INFO 15384 --- [restartedMain] o.s.b.w.embedded.tomcat.TomcatWebServer  : Tomcat started on port(s): 8080 (http) with context path ''
2022-11-02 19:22:56.332  INFO 15384 --- [restartedMain] com.edtech_api.EdtechApplication         : Started EdtechApplication in 0.628 seconds (JVM running for 1202.767)
2022-11-02 19:22:56.334  INFO 15384 --- [restartedMain] .ConditionEvaluationDeltaLoggingListener : Condition evaluation unchanged
2022-11-02 19:22:59.338  INFO 15384 --- [http-nio-8080-exec-1] o.a.c.c.C.[Tomcat].[localhost].[/]       : Initializing Spring DispatcherServlet 'dispatcherServlet'
2022-11-02 19:22:59.339  INFO 15384 --- [http-nio-8080-exec-1] o.s.web.servlet.DispatcherServlet        : Initializing Servlet 'dispatcherServlet'
2022-11-02 19:22:59.339  INFO 15384 --- [http-nio-8080-exec-1] o.s.web.servlet.DispatcherServlet        : Completed initialization in 0 ms
2022-11-02 19:22:59.349  INFO 15384 --- [http-nio-8080-exec-1] c.e.api.controller.CarreiraController    : GET CARREIRAS - listar todas carreiras - Realizado com sucesso!
2022-11-02 19:23:03.733  INFO 15384 --- [http-nio-8080-exec-3] c.e.api.controller.CarreiraController    : POST CARREIRA - Realizado com sucesso!
2022-11-02 19:23:18.548  INFO 15384 --- [http-nio-8080-exec-5] c.e.api.controller.CarreiraController    : GET CARREIRAS - listar todas carreiras - Realizado com sucesso!
2022-11-02 19:23:23.761  INFO 15384 --- [http-nio-8080-exec-7] c.e.api.controller.CarreiraController    : GET CARREIRAS - buscar de carreria by id: 2 - Realizado com sucesso!
2022-11-02 19:23:28.669  WARN 15384 --- [http-nio-8080-exec-4] .m.m.a.ExceptionHandlerExceptionResolver : Resolved [RecursoNaoEncontrado =EdtechException =com.edtech_api.domain.exceptions.RecursoNaoEncontrado: Carreira não econtrada ou não existente!]
2022-11-02 19:23:33.077  INFO 15384 --- [http-nio-8080-exec-8] c.e.api.controller.CarreiraController    : GET CARREIRAS - buscar de carreria by id: 2 - Realizado com sucesso!
2022-11-02 19:23:38.435  INFO 15384 --- [http-nio-8080-exec-6] c.e.api.controller.CarreiraController    : PUT CARREIRA - carreira de id: 2 - Alterado com sucesso!
2022-11-02 19:23:41.409  INFO 15384 --- [http-nio-8080-exec-9] c.e.api.controller.CarreiraController    : GET CARREIRAS - listar todas carreiras - Realizado com sucesso!
2022-11-02 19:23:43.610  INFO 15384 --- [http-nio-8080-exec-10] c.e.api.controller.CarreiraController    : GET CARREIRAS - buscar de carreria by id: 2 - Realizado com sucesso!
2022-11-02 19:23:48.999  WARN 15384 --- [http-nio-8080-exec-2] .m.m.a.ExceptionHandlerExceptionResolver : Resolved [RecursoNaoEncontrado =EdtechException =com.edtech_api.domain.exceptions.RecursoNaoEncontrado: Carreira não encontrada ou não existente, tente novamente!]
2022-11-02 19:23:54.955  INFO 15384 --- [http-nio-8080-exec-1] c.e.api.controller.CarreiraController    : DELETE CARREIRAS - deleção de carreira by id: 2 - Realizado com sucesso!
2022-11-02 19:24:08.136  INFO 15384 --- [RMI TCP Connection(46)-127.0.0.1] inMXBeanRegistrar$SpringApplicationAdmin : Application shutdown requested.
2022-11-02 19:24:08.145  INFO 15384 --- [RMI TCP Connection(46)-127.0.0.1] o.apache.catalina.core.StandardService   : Stopping service [Tomcat]
2022-11-02 19:24:08.145  INFO 15384 --- [RMI TCP Connection(46)-127.0.0.1] o.a.c.c.C.[Tomcat].[localhost].[/]       : Destroying Spring FrameworkServlet 'dispatcherServlet'
2022-11-02 19:24:08.149  INFO 15384 --- [RMI TCP Connection(46)-127.0.0.1] j.LocalContainerEntityManagerFactoryBean : Closing JPA EntityManagerFactory for persistence unit 'default'
2022-11-02 19:24:08.149  INFO 15384 --- [RMI TCP Connection(46)-127.0.0.1] com.zaxxer.hikari.HikariDataSource       : HikariPool-7 - Shutdown initiated...
2022-11-02 19:24:08.155  INFO 15384 --- [RMI TCP Connection(46)-127.0.0.1] com.zaxxer.hikari.HikariDataSource       : HikariPool-7 - Shutdown completed.
